E:\CODEBOX\VC\RANDOMSELECTION\RANDOMSELECTION\DEBUG\RANDOMSELECTION.PCH
E:\CODEBOX\VC\RANDOMSELECTION\RANDOMSELECTION\DEBUG\STDAFX.OBJ
E:\CODEBOX\VC\RANDOMSELECTION\RANDOMSELECTION\DEBUG\VC110.PDB
E:\CODEBOX\VC\RANDOMSELECTION\RANDOMSELECTION\DEBUG\RANDOMSELECTION.OBJ
E:\CodeBOX\VC\RandomSelection\RandomSelection\Debug\RandomSelection.obj
E:\CodeBOX\VC\RandomSelection\RandomSelection\Debug\stdafx.obj
E:\CodeBOX\VC\RandomSelection\RandomSelection\Debug\cl.command.1.tlog
E:\CodeBOX\VC\RandomSelection\RandomSelection\Debug\CL.read.1.tlog
E:\CodeBOX\VC\RandomSelection\RandomSelection\Debug\CL.write.1.tlog
E:\CodeBOX\VC\RandomSelection\RandomSelection\Debug\link-cvtres.read.1.tlog
E:\CodeBOX\VC\RandomSelection\RandomSelection\Debug\link-cvtres.write.1.tlog
E:\CodeBOX\VC\RandomSelection\RandomSelection\Debug\link-rc.read.1.tlog
E:\CodeBOX\VC\RandomSelection\RandomSelection\Debug\link-rc.write.1.tlog
E:\CodeBOX\VC\RandomSelection\RandomSelection\Debug\link.command.1.tlog
E:\CodeBOX\VC\RandomSelection\RandomSelection\Debug\link.read.1.tlog
E:\CodeBOX\VC\RandomSelection\RandomSelection\Debug\link.write.1.tlog
E:\CodeBOX\VC\RandomSelection\RandomSelection\Debug\RandomSelection.pch
E:\CodeBOX\VC\RandomSelection\RandomSelection\Debug\vc110.idb
E:\CodeBOX\VC\RandomSelection\RandomSelection\Debug\vc110.pdb
E:\CodeBOX\VC\RandomSelection\Debug\RandomSelection.pdb
E:\CodeBOX\VC\RandomSelection\Debug\RandomSelection.exe
E:\CodeBOX\VC\RandomSelection\Debug\RandomSelection.ilk
