E:\CODEBOX\VC\PI6_8_2014\PI6_8_2014\X64\DEBUG\PI6_8_2014.PCH
E:\CODEBOX\VC\PI6_8_2014\PI6_8_2014\X64\DEBUG\STDAFX.OBJ
E:\CODEBOX\VC\PI6_8_2014\PI6_8_2014\X64\DEBUG\VC110.PDB
E:\CODEBOX\VC\PI6_8_2014\PI6_8_2014\X64\DEBUG\PI6_8_2014.OBJ
E:\CODEBOX\VC\PI6_8_2014\X64\DEBUG\PI6_8_2014.ILK
E:\CODEBOX\VC\PI6_8_2014\X64\DEBUG\PI6_8_2014.EXE
E:\CODEBOX\VC\PI6_8_2014\X64\DEBUG\PI6_8_2014.PDB
E:\CodeBOX\VC\PI6_8_2014\PI6_8_2014\x64\Debug\PI6_8_2014.obj
E:\CodeBOX\VC\PI6_8_2014\PI6_8_2014\x64\Debug\stdafx.obj
E:\CodeBOX\VC\PI6_8_2014\PI6_8_2014\x64\Debug\cl.command.1.tlog
E:\CodeBOX\VC\PI6_8_2014\PI6_8_2014\x64\Debug\CL.read.1.tlog
E:\CodeBOX\VC\PI6_8_2014\PI6_8_2014\x64\Debug\CL.write.1.tlog
E:\CodeBOX\VC\PI6_8_2014\PI6_8_2014\x64\Debug\link-cvtres.read.1.tlog
E:\CodeBOX\VC\PI6_8_2014\PI6_8_2014\x64\Debug\link-cvtres.write.1.tlog
E:\CodeBOX\VC\PI6_8_2014\PI6_8_2014\x64\Debug\link-rc.read.1.tlog
E:\CodeBOX\VC\PI6_8_2014\PI6_8_2014\x64\Debug\link-rc.write.1.tlog
E:\CodeBOX\VC\PI6_8_2014\PI6_8_2014\x64\Debug\link.45284-cvtres.read.1.tlog
E:\CodeBOX\VC\PI6_8_2014\PI6_8_2014\x64\Debug\link.45284-cvtres.write.1.tlog
E:\CodeBOX\VC\PI6_8_2014\PI6_8_2014\x64\Debug\link.45284-rc.read.1.tlog
E:\CodeBOX\VC\PI6_8_2014\PI6_8_2014\x64\Debug\link.45284-rc.write.1.tlog
E:\CodeBOX\VC\PI6_8_2014\PI6_8_2014\x64\Debug\link.45284.read.1.tlog
E:\CodeBOX\VC\PI6_8_2014\PI6_8_2014\x64\Debug\link.45284.write.1.tlog
E:\CodeBOX\VC\PI6_8_2014\PI6_8_2014\x64\Debug\link.46092-cvtres.read.1.tlog
E:\CodeBOX\VC\PI6_8_2014\PI6_8_2014\x64\Debug\link.46092-cvtres.write.1.tlog
E:\CodeBOX\VC\PI6_8_2014\PI6_8_2014\x64\Debug\link.46092-rc.read.1.tlog
E:\CodeBOX\VC\PI6_8_2014\PI6_8_2014\x64\Debug\link.46092-rc.write.1.tlog
E:\CodeBOX\VC\PI6_8_2014\PI6_8_2014\x64\Debug\link.46092.read.1.tlog
E:\CodeBOX\VC\PI6_8_2014\PI6_8_2014\x64\Debug\link.46092.write.1.tlog
E:\CodeBOX\VC\PI6_8_2014\PI6_8_2014\x64\Debug\link.46824-cvtres.read.1.tlog
E:\CodeBOX\VC\PI6_8_2014\PI6_8_2014\x64\Debug\link.46824-cvtres.write.1.tlog
E:\CodeBOX\VC\PI6_8_2014\PI6_8_2014\x64\Debug\link.46824-rc.read.1.tlog
E:\CodeBOX\VC\PI6_8_2014\PI6_8_2014\x64\Debug\link.46824-rc.write.1.tlog
E:\CodeBOX\VC\PI6_8_2014\PI6_8_2014\x64\Debug\link.46824.read.1.tlog
E:\CodeBOX\VC\PI6_8_2014\PI6_8_2014\x64\Debug\link.46824.write.1.tlog
E:\CodeBOX\VC\PI6_8_2014\PI6_8_2014\x64\Debug\link.command.1.tlog
E:\CodeBOX\VC\PI6_8_2014\PI6_8_2014\x64\Debug\link.read.1.tlog
E:\CodeBOX\VC\PI6_8_2014\PI6_8_2014\x64\Debug\link.write.1.tlog
E:\CodeBOX\VC\PI6_8_2014\PI6_8_2014\x64\Debug\PI6_8_2014.pch
E:\CodeBOX\VC\PI6_8_2014\PI6_8_2014\x64\Debug\vc110.idb
E:\CodeBOX\VC\PI6_8_2014\PI6_8_2014\x64\Debug\vc110.pdb
E:\CodeBOX\VC\PI6_8_2014\x64\Debug\PI6_8_2014.pdb
E:\CodeBOX\VC\PI6_8_2014\x64\Debug\PI6_8_2014.exe
E:\CodeBOX\VC\PI6_8_2014\x64\Debug\PI6_8_2014.ilk
