E:\CODEBOX\VC\FOURIERTRANSFORM\FOURIERTRANSFORM\DEBUG\FOURIERTRANSFORM.OBJ
E:\CODEBOX\VC\FOURIERTRANSFORM\FOURIERTRANSFORM\DEBUG\VC110.PDB
E:\CODEBOX\VC\FOURIERTRANSFORM\FOURIERTRANSFORM\DEBUG\FOURIERTRANSFORM.PCH
E:\CODEBOX\VC\FOURIERTRANSFORM\FOURIERTRANSFORM\DEBUG\STDAFX.OBJ
E:\CODEBOX\VC\FOURIERTRANSFORM\DEBUG\FOURIERTRANSFORM.ILK
E:\CODEBOX\VC\FOURIERTRANSFORM\DEBUG\FOURIERTRANSFORM.EXE
E:\CODEBOX\VC\FOURIERTRANSFORM\DEBUG\FOURIERTRANSFORM.PDB
E:\CodeBOX\VC\FourierTransform\FourierTransform\Debug\FourierTransform.obj
E:\CodeBOX\VC\FourierTransform\FourierTransform\Debug\stdafx.obj
E:\CodeBOX\VC\FourierTransform\FourierTransform\Debug\cl.command.1.tlog
E:\CodeBOX\VC\FourierTransform\FourierTransform\Debug\CL.read.1.tlog
E:\CodeBOX\VC\FourierTransform\FourierTransform\Debug\CL.write.1.tlog
E:\CodeBOX\VC\FourierTransform\FourierTransform\Debug\link-cvtres.read.1.tlog
E:\CodeBOX\VC\FourierTransform\FourierTransform\Debug\link-cvtres.write.1.tlog
E:\CodeBOX\VC\FourierTransform\FourierTransform\Debug\link-rc.read.1.tlog
E:\CodeBOX\VC\FourierTransform\FourierTransform\Debug\link-rc.write.1.tlog
E:\CodeBOX\VC\FourierTransform\FourierTransform\Debug\link.18320-cvtres.read.1.tlog
E:\CodeBOX\VC\FourierTransform\FourierTransform\Debug\link.18320-cvtres.write.1.tlog
E:\CodeBOX\VC\FourierTransform\FourierTransform\Debug\link.18320-rc.read.1.tlog
E:\CodeBOX\VC\FourierTransform\FourierTransform\Debug\link.18320-rc.write.1.tlog
E:\CodeBOX\VC\FourierTransform\FourierTransform\Debug\link.18320.read.1.tlog
E:\CodeBOX\VC\FourierTransform\FourierTransform\Debug\link.18320.write.1.tlog
E:\CodeBOX\VC\FourierTransform\FourierTransform\Debug\link.29380-cvtres.read.1.tlog
E:\CodeBOX\VC\FourierTransform\FourierTransform\Debug\link.29380-cvtres.write.1.tlog
E:\CodeBOX\VC\FourierTransform\FourierTransform\Debug\link.29380-rc.read.1.tlog
E:\CodeBOX\VC\FourierTransform\FourierTransform\Debug\link.29380-rc.write.1.tlog
E:\CodeBOX\VC\FourierTransform\FourierTransform\Debug\link.29380.read.1.tlog
E:\CodeBOX\VC\FourierTransform\FourierTransform\Debug\link.29380.write.1.tlog
E:\CodeBOX\VC\FourierTransform\FourierTransform\Debug\link.760-cvtres.read.1.tlog
E:\CodeBOX\VC\FourierTransform\FourierTransform\Debug\link.760-cvtres.write.1.tlog
E:\CodeBOX\VC\FourierTransform\FourierTransform\Debug\link.760-rc.read.1.tlog
E:\CodeBOX\VC\FourierTransform\FourierTransform\Debug\link.760-rc.write.1.tlog
E:\CodeBOX\VC\FourierTransform\FourierTransform\Debug\link.760.read.1.tlog
E:\CodeBOX\VC\FourierTransform\FourierTransform\Debug\link.760.write.1.tlog
E:\CodeBOX\VC\FourierTransform\FourierTransform\Debug\link.command.1.tlog
E:\CodeBOX\VC\FourierTransform\FourierTransform\Debug\link.read.1.tlog
E:\CodeBOX\VC\FourierTransform\FourierTransform\Debug\link.write.1.tlog
E:\CodeBOX\VC\FourierTransform\FourierTransform\Debug\FourierTransform.pch
E:\CodeBOX\VC\FourierTransform\FourierTransform\Debug\vc110.idb
E:\CodeBOX\VC\FourierTransform\FourierTransform\Debug\vc110.pdb
E:\CodeBOX\VC\FourierTransform\Debug\FourierTransform.pdb
E:\CodeBOX\VC\FourierTransform\Debug\FourierTransform.exe
E:\CodeBOX\VC\FourierTransform\Debug\FourierTransform.ilk
