Build started 2014/4/5 17:26:06.
     1>Project "E:\CodeBOX\VC\RadixSortList\RadixSortList\RadixSortList.vcxproj" on node 2 (Rebuild target(s)).
     1>ClCompile:
         F:\Program Files (x86)\Microsoft Visual Studio 11.0\VC\bin\CL.exe /c /ZI /nologo /W3 /WX- /sdl /Od /Oy- /D WIN32 /D _DEBUG /D _CONSOLE /D _UNICODE /D UNICODE /Gm /EHsc /RTC1 /MDd /GS /fp:precise /Zc:wchar_t /Zc:forScope /Yc"stdafx.h" /Fp"Debug\RadixSortList.pch" /Fo"Debug\\" /Fd"Debug\vc110.pdb" /Gd /TP /analyze- /errorReport:prompt stdafx.cpp
         stdafx.cpp
         F:\Program Files (x86)\Microsoft Visual Studio 11.0\VC\bin\CL.exe /c /ZI /nologo /W3 /WX- /sdl /Od /Oy- /D WIN32 /D _DEBUG /D _CONSOLE /D _UNICODE /D UNICODE /Gm /EHsc /RTC1 /MDd /GS /fp:precise /Zc:wchar_t /Zc:forScope /Yu"stdafx.h" /Fp"Debug\RadixSortList.pch" /Fo"Debug\\" /Fd"Debug\vc110.pdb" /Gd /TP /analyze- /errorReport:prompt RadixSortList.cpp
         RadixSortList.cpp
     1>e:\codebox\vc\radixsortlist\radixsortlist\radixsortlist.cpp(31): warning C4244: 'initializing' : conversion from 'double' to 'int', possible loss of data
     1>e:\codebox\vc\radixsortlist\radixsortlist\radixsortlist.cpp(42): warning C4018: '<' : signed/unsigned mismatch
     1>e:\codebox\vc\radixsortlist\radixsortlist\radixsortlist.cpp(50): warning C4018: '<' : signed/unsigned mismatch
     1>e:\codebox\vc\radixsortlist\radixsortlist\radixsortlist.cpp(58): warning C4244: '=' : conversion from 'double' to 'int', possible loss of data
     1>e:\codebox\vc\radixsortlist\radixsortlist\radixsortlist.cpp(59): warning C4018: '<' : signed/unsigned mismatch
     1>e:\codebox\vc\radixsortlist\radixsortlist\radixsortlist.cpp(62): warning C4244: '=' : conversion from 'double' to 'int', possible loss of data
       Link:
         F:\Program Files (x86)\Microsoft Visual Studio 11.0\VC\bin\link.exe /ERRORREPORT:PROMPT /OUT:"E:\CodeBOX\VC\RadixSortList\Debug\RadixSortList.exe" /INCREMENTAL /NOLOGO kernel32.lib user32.lib gdi32.lib winspool.lib comdlg32.lib advapi32.lib shell32.lib ole32.lib oleaut32.lib uuid.lib odbc32.lib odbccp32.lib /MANIFEST /MANIFESTUAC:"level='asInvoker' uiAccess='false'" /manifest:embed /DEBUG /PDB:"E:\CodeBOX\VC\RadixSortList\Debug\RadixSortList.pdb" /SUBSYSTEM:CONSOLE /TLBID:1 /DYNAMICBASE /NXCOMPAT /IMPLIB:"E:\CodeBOX\VC\RadixSortList\Debug\RadixSortList.lib" /MACHINE:X86 Debug\RadixSortList.obj
         Debug\stdafx.obj
         RadixSortList.vcxproj -> E:\CodeBOX\VC\RadixSortList\Debug\RadixSortList.exe
     1>Done Building Project "E:\CodeBOX\VC\RadixSortList\RadixSortList\RadixSortList.vcxproj" (Rebuild target(s)).

Build succeeded.

Time Elapsed 00:00:01.29
