E:\CODEBOX\VC\RADIXSORTLIST\RADIXSORTLIST\DEBUG\RADIXSORTLIST.PCH
E:\CODEBOX\VC\RADIXSORTLIST\RADIXSORTLIST\DEBUG\STDAFX.OBJ
E:\CODEBOX\VC\RADIXSORTLIST\RADIXSORTLIST\DEBUG\VC110.PDB
E:\CODEBOX\VC\RADIXSORTLIST\RADIXSORTLIST\DEBUG\RADIXSORTLIST.OBJ
E:\CODEBOX\VC\RADIXSORTLIST\DEBUG\RADIXSORTLIST.ILK
E:\CODEBOX\VC\RADIXSORTLIST\DEBUG\RADIXSORTLIST.EXE
E:\CODEBOX\VC\RADIXSORTLIST\DEBUG\RADIXSORTLIST.PDB
E:\CodeBOX\VC\RadixSortList\RadixSortList\Debug\RadixSortList.obj
E:\CodeBOX\VC\RadixSortList\RadixSortList\Debug\stdafx.obj
E:\CodeBOX\VC\RadixSortList\RadixSortList\Debug\cl.command.1.tlog
E:\CodeBOX\VC\RadixSortList\RadixSortList\Debug\CL.read.1.tlog
E:\CodeBOX\VC\RadixSortList\RadixSortList\Debug\CL.write.1.tlog
E:\CodeBOX\VC\RadixSortList\RadixSortList\Debug\link-cvtres.read.1.tlog
E:\CodeBOX\VC\RadixSortList\RadixSortList\Debug\link-cvtres.write.1.tlog
E:\CodeBOX\VC\RadixSortList\RadixSortList\Debug\link-rc.read.1.tlog
E:\CodeBOX\VC\RadixSortList\RadixSortList\Debug\link-rc.write.1.tlog
E:\CodeBOX\VC\RadixSortList\RadixSortList\Debug\link.command.1.tlog
E:\CodeBOX\VC\RadixSortList\RadixSortList\Debug\link.read.1.tlog
E:\CodeBOX\VC\RadixSortList\RadixSortList\Debug\link.write.1.tlog
E:\CodeBOX\VC\RadixSortList\RadixSortList\Debug\RadixSortList.pch
E:\CodeBOX\VC\RadixSortList\RadixSortList\Debug\vc110.idb
E:\CodeBOX\VC\RadixSortList\RadixSortList\Debug\vc110.pdb
E:\CodeBOX\VC\RadixSortList\Debug\RadixSortList.pdb
E:\CodeBOX\VC\RadixSortList\Debug\RadixSortList.exe
E:\CodeBOX\VC\RadixSortList\Debug\RadixSortList.ilk
