F:\CODEBOX\VC\OPENCV12-18-2013\OPENCV12-18-2013\DEBUG\OPENCV12-18-2013.PCH
F:\CODEBOX\VC\OPENCV12-18-2013\OPENCV12-18-2013\DEBUG\STDAFX.OBJ
F:\CODEBOX\VC\OPENCV12-18-2013\OPENCV12-18-2013\DEBUG\VC110.PDB
F:\CODEBOX\VC\OPENCV12-18-2013\OPENCV12-18-2013\DEBUG\DEMO.OBJ
F:\CODEBOX\VC\OPENCV12-18-2013\OPENCV12-18-2013\DEBUG\OPENCV12-18-2013.OBJ
F:\CODEBOX\VC\OPENCV12-18-2013\OPENCV12-18-2013\DEBUG\SOLVER.OBJ
F:\CODEBOX\VC\OPENCV12-18-2013\OPENCV12-18-2013\DEBUG\HISTOGRAM1D.OBJ
E:\CODEBOX\VC\OPENCV12-18-2013\OPENCV12-18-2013\DEBUG\OPENCV12-18-2013.PCH
E:\CODEBOX\VC\OPENCV12-18-2013\OPENCV12-18-2013\DEBUG\STDAFX.OBJ
E:\CODEBOX\VC\OPENCV12-18-2013\OPENCV12-18-2013\DEBUG\VC110.PDB
E:\CODEBOX\VC\OPENCV12-18-2013\OPENCV12-18-2013\DEBUG\DEMO.OBJ
E:\CODEBOX\VC\OPENCV12-18-2013\OPENCV12-18-2013\DEBUG\HISTOGRAM1D.OBJ
E:\CODEBOX\VC\OPENCV12-18-2013\OPENCV12-18-2013\DEBUG\OPENCV12-18-2013.OBJ
E:\CODEBOX\VC\OPENCV12-18-2013\OPENCV12-18-2013\DEBUG\SOLVER.OBJ
F:\CODEBOX\VC\OPENCV12-18-2013\DEBUG\OPENCV12-18-2013.ILK
F:\CODEBOX\VC\OPENCV12-18-2013\DEBUG\OPENCV12-18-2013.EXE
F:\CODEBOX\VC\OPENCV12-18-2013\DEBUG\OPENCV12-18-2013.PDB
E:\CodeBOX\VC\OPencv12-18-2013\OPencv12-18-2013\Debug\Demo.obj
E:\CodeBOX\VC\OPencv12-18-2013\OPencv12-18-2013\Debug\Histogram1D.obj
E:\CodeBOX\VC\OPencv12-18-2013\OPencv12-18-2013\Debug\OPencv12-18-2013.obj
E:\CodeBOX\VC\OPencv12-18-2013\OPencv12-18-2013\Debug\Solver.obj
E:\CodeBOX\VC\OPencv12-18-2013\OPencv12-18-2013\Debug\stdafx.obj
E:\CodeBOX\VC\OPencv12-18-2013\OPencv12-18-2013\Debug\cl.command.1.tlog
E:\CodeBOX\VC\OPencv12-18-2013\OPencv12-18-2013\Debug\CL.read.1.tlog
E:\CodeBOX\VC\OPencv12-18-2013\OPencv12-18-2013\Debug\CL.write.1.tlog
E:\CodeBOX\VC\OPencv12-18-2013\OPencv12-18-2013\Debug\link-cvtres.read.1.tlog
E:\CodeBOX\VC\OPencv12-18-2013\OPencv12-18-2013\Debug\link-cvtres.write.1.tlog
E:\CodeBOX\VC\OPencv12-18-2013\OPencv12-18-2013\Debug\link-rc.read.1.tlog
E:\CodeBOX\VC\OPencv12-18-2013\OPencv12-18-2013\Debug\link-rc.write.1.tlog
E:\CodeBOX\VC\OPencv12-18-2013\OPencv12-18-2013\Debug\link.1112-cvtres.read.1.tlog
E:\CodeBOX\VC\OPencv12-18-2013\OPencv12-18-2013\Debug\link.1112-cvtres.write.1.tlog
E:\CodeBOX\VC\OPencv12-18-2013\OPencv12-18-2013\Debug\link.1112-rc.read.1.tlog
E:\CodeBOX\VC\OPencv12-18-2013\OPencv12-18-2013\Debug\link.1112-rc.write.1.tlog
E:\CodeBOX\VC\OPencv12-18-2013\OPencv12-18-2013\Debug\link.1112.read.1.tlog
E:\CodeBOX\VC\OPencv12-18-2013\OPencv12-18-2013\Debug\link.1112.write.1.tlog
E:\CodeBOX\VC\OPencv12-18-2013\OPencv12-18-2013\Debug\link.32-cvtres.read.1.tlog
E:\CodeBOX\VC\OPencv12-18-2013\OPencv12-18-2013\Debug\link.32-cvtres.write.1.tlog
E:\CodeBOX\VC\OPencv12-18-2013\OPencv12-18-2013\Debug\link.32-rc.read.1.tlog
E:\CodeBOX\VC\OPencv12-18-2013\OPencv12-18-2013\Debug\link.32-rc.write.1.tlog
E:\CodeBOX\VC\OPencv12-18-2013\OPencv12-18-2013\Debug\link.32.read.1.tlog
E:\CodeBOX\VC\OPencv12-18-2013\OPencv12-18-2013\Debug\link.32.write.1.tlog
E:\CodeBOX\VC\OPencv12-18-2013\OPencv12-18-2013\Debug\link.4044-cvtres.read.1.tlog
E:\CodeBOX\VC\OPencv12-18-2013\OPencv12-18-2013\Debug\link.4044-cvtres.write.1.tlog
E:\CodeBOX\VC\OPencv12-18-2013\OPencv12-18-2013\Debug\link.4044-rc.read.1.tlog
E:\CodeBOX\VC\OPencv12-18-2013\OPencv12-18-2013\Debug\link.4044-rc.write.1.tlog
E:\CodeBOX\VC\OPencv12-18-2013\OPencv12-18-2013\Debug\link.4044.read.1.tlog
E:\CodeBOX\VC\OPencv12-18-2013\OPencv12-18-2013\Debug\link.4044.write.1.tlog
E:\CodeBOX\VC\OPencv12-18-2013\OPencv12-18-2013\Debug\link.4564-cvtres.read.1.tlog
E:\CodeBOX\VC\OPencv12-18-2013\OPencv12-18-2013\Debug\link.4564-cvtres.write.1.tlog
E:\CodeBOX\VC\OPencv12-18-2013\OPencv12-18-2013\Debug\link.4564-rc.read.1.tlog
E:\CodeBOX\VC\OPencv12-18-2013\OPencv12-18-2013\Debug\link.4564-rc.write.1.tlog
E:\CodeBOX\VC\OPencv12-18-2013\OPencv12-18-2013\Debug\link.4564.read.1.tlog
E:\CodeBOX\VC\OPencv12-18-2013\OPencv12-18-2013\Debug\link.4564.write.1.tlog
E:\CodeBOX\VC\OPencv12-18-2013\OPencv12-18-2013\Debug\link.command.1.tlog
E:\CodeBOX\VC\OPencv12-18-2013\OPencv12-18-2013\Debug\link.read.1.tlog
E:\CodeBOX\VC\OPencv12-18-2013\OPencv12-18-2013\Debug\link.write.1.tlog
E:\CodeBOX\VC\OPencv12-18-2013\OPencv12-18-2013\Debug\OPencv12-18-2013.pch
E:\CodeBOX\VC\OPencv12-18-2013\OPencv12-18-2013\Debug\vc110.idb
E:\CodeBOX\VC\OPencv12-18-2013\OPencv12-18-2013\Debug\vc110.pdb
E:\CodeBOX\VC\OPencv12-18-2013\Debug\OPencv12-18-2013.pdb
