E:\CODEBOX\VC\POLLARD\POLLARD\DEBUG\POLLARD.PCH
E:\CODEBOX\VC\POLLARD\POLLARD\DEBUG\STDAFX.OBJ
E:\CODEBOX\VC\POLLARD\POLLARD\DEBUG\VC110.PDB
E:\CODEBOX\VC\POLLARD\POLLARD\DEBUG\POLLARD.OBJ
E:\CODEBOX\VC\POLLARD\DEBUG\POLLARD.ILK
E:\CODEBOX\VC\POLLARD\DEBUG\POLLARD.EXE
E:\CODEBOX\VC\POLLARD\DEBUG\POLLARD.PDB
E:\CodeBOX\VC\Pollard\Pollard\Debug\Pollard.obj
E:\CodeBOX\VC\Pollard\Pollard\Debug\stdafx.obj
E:\CodeBOX\VC\Pollard\Pollard\Debug\cl.command.1.tlog
E:\CodeBOX\VC\Pollard\Pollard\Debug\CL.read.1.tlog
E:\CodeBOX\VC\Pollard\Pollard\Debug\CL.write.1.tlog
E:\CodeBOX\VC\Pollard\Pollard\Debug\link-cvtres.read.1.tlog
E:\CodeBOX\VC\Pollard\Pollard\Debug\link-cvtres.write.1.tlog
E:\CodeBOX\VC\Pollard\Pollard\Debug\link-rc.read.1.tlog
E:\CodeBOX\VC\Pollard\Pollard\Debug\link-rc.write.1.tlog
E:\CodeBOX\VC\Pollard\Pollard\Debug\link.command.1.tlog
E:\CodeBOX\VC\Pollard\Pollard\Debug\link.read.1.tlog
E:\CodeBOX\VC\Pollard\Pollard\Debug\link.write.1.tlog
E:\CodeBOX\VC\Pollard\Pollard\Debug\Pollard.pch
E:\CodeBOX\VC\Pollard\Pollard\Debug\vc110.idb
E:\CodeBOX\VC\Pollard\Pollard\Debug\vc110.pdb
E:\CodeBOX\VC\Pollard\Debug\Pollard.pdb
E:\CodeBOX\VC\Pollard\Debug\Pollard.exe
E:\CodeBOX\VC\Pollard\Debug\Pollard.ilk
