生成启动时间为 2014/2/17 21:06:04。
     1>项目“F:\CodeBOX\VC\opencv2-17-14\opencv2-17-14\opencv2-17-14.vcxproj”在节点 2 上(Build 个目标)。
     1>ClCompile:
         F:\Program Files (x86)\Microsoft Visual Studio 11.0\VC\bin\CL.exe /c /ZI /nologo /W3 /WX- /sdl /Od /Oy- /D WIN32 /D _DEBUG /D _CONSOLE /D _UNICODE /D UNICODE /Gm /EHsc /RTC1 /MDd /GS /fp:precise /Zc:wchar_t /Zc:forScope /Yu"stdafx.h" /Fp"Debug\opencv2-17-14.pch" /Fo"Debug\\" /Fd"Debug\vc110.pdb" /Gd /TP /analyze- /errorReport:prompt "opencv2-17-14.cpp"
         opencv2-17-14.cpp
     1>f:\codebox\vc\opencv2-17-14\opencv2-17-14\opencv2-17-14.cpp(27): warning C4244: “参数”: 从“double”转换到“int”，可能丢失数据
     1>f:\codebox\vc\opencv2-17-14\opencv2-17-14\opencv2-17-14.cpp(33): warning C4244: “参数”: 从“double”转换到“int”，可能丢失数据
     1>f:\codebox\vc\opencv2-17-14\opencv2-17-14\opencv2-17-14.cpp(89): warning C4244: “参数”: 从“double”转换到“int”，可能丢失数据
     1>f:\codebox\vc\opencv2-17-14\opencv2-17-14\opencv2-17-14.cpp(98): warning C4244: “参数”: 从“double”转换到“int”，可能丢失数据
     1>f:\codebox\vc\opencv2-17-14\opencv2-17-14\opencv2-17-14.cpp(99): warning C4244: “参数”: 从“double”转换到“int”，可能丢失数据
     1>f:\codebox\vc\opencv2-17-14\opencv2-17-14\opencv2-17-14.cpp(100): warning C4244: “参数”: 从“double”转换到“int”，可能丢失数据
     1>f:\codebox\vc\opencv2-17-14\opencv2-17-14\opencv2-17-14.cpp(101): warning C4244: “参数”: 从“double”转换到“int”，可能丢失数据
     1>f:\codebox\vc\opencv2-17-14\opencv2-17-14\opencv2-17-14.cpp(102): warning C4244: “参数”: 从“double”转换到“int”，可能丢失数据
     1>f:\codebox\vc\opencv2-17-14\opencv2-17-14\opencv2-17-14.cpp(103): warning C4244: “参数”: 从“double”转换到“int”，可能丢失数据
     1>f:\codebox\vc\opencv2-17-14\opencv2-17-14\opencv2-17-14.cpp(104): warning C4244: “参数”: 从“double”转换到“int”，可能丢失数据
     1>f:\codebox\vc\opencv2-17-14\opencv2-17-14\opencv2-17-14.cpp(105): warning C4244: “参数”: 从“double”转换到“int”，可能丢失数据
     1>f:\codebox\vc\opencv2-17-14\opencv2-17-14\opencv2-17-14.cpp(106): warning C4244: “参数”: 从“double”转换到“int”，可能丢失数据
     1>f:\codebox\vc\opencv2-17-14\opencv2-17-14\opencv2-17-14.cpp(107): warning C4244: “参数”: 从“double”转换到“int”，可能丢失数据
     1>f:\codebox\vc\opencv2-17-14\opencv2-17-14\opencv2-17-14.cpp(108): warning C4244: “参数”: 从“double”转换到“int”，可能丢失数据
     1>f:\codebox\vc\opencv2-17-14\opencv2-17-14\opencv2-17-14.cpp(109): warning C4244: “参数”: 从“double”转换到“int”，可能丢失数据
     1>f:\codebox\vc\opencv2-17-14\opencv2-17-14\opencv2-17-14.cpp(110): warning C4244: “参数”: 从“double”转换到“int”，可能丢失数据
     1>f:\codebox\vc\opencv2-17-14\opencv2-17-14\opencv2-17-14.cpp(111): warning C4244: “参数”: 从“double”转换到“int”，可能丢失数据
     1>f:\codebox\vc\opencv2-17-14\opencv2-17-14\opencv2-17-14.cpp(112): warning C4244: “参数”: 从“double”转换到“int”，可能丢失数据
     1>f:\codebox\vc\opencv2-17-14\opencv2-17-14\opencv2-17-14.cpp(113): warning C4244: “参数”: 从“double”转换到“int”，可能丢失数据
     1>f:\codebox\vc\opencv2-17-14\opencv2-17-14\opencv2-17-14.cpp(114): warning C4244: “参数”: 从“double”转换到“int”，可能丢失数据
     1>f:\codebox\vc\opencv2-17-14\opencv2-17-14\opencv2-17-14.cpp(115): warning C4244: “参数”: 从“double”转换到“int”，可能丢失数据
     1>f:\codebox\vc\opencv2-17-14\opencv2-17-14\opencv2-17-14.cpp(116): warning C4244: “参数”: 从“double”转换到“int”，可能丢失数据
     1>f:\codebox\vc\opencv2-17-14\opencv2-17-14\opencv2-17-14.cpp(117): warning C4244: “参数”: 从“double”转换到“int”，可能丢失数据
       Link:
         F:\Program Files (x86)\Microsoft Visual Studio 11.0\VC\bin\link.exe /ERRORREPORT:PROMPT /OUT:"F:\CodeBOX\VC\opencv2-17-14\Debug\opencv2-17-14.exe" /INCREMENTAL /NOLOGO opencv_calib3d246d.lib opencv_contrib246d.lib opencv_core246d.lib opencv_features2d246d.lib opencv_flann246d.lib opencv_gpu246d.lib opencv_highgui246d.lib opencv_imgproc246d.lib opencv_legacy246d.lib opencv_ml246d.lib opencv_objdetect246d.lib opencv_ts246d.lib opencv_video246d.lib kernel32.lib user32.lib gdi32.lib winspool.lib comdlg32.lib advapi32.lib shell32.lib ole32.lib oleaut32.lib uuid.lib odbc32.lib odbccp32.lib /MANIFEST /MANIFESTUAC:"level='asInvoker' uiAccess='false'" /manifest:embed /DEBUG /PDB:"F:\CodeBOX\VC\opencv2-17-14\Debug\opencv2-17-14.pdb" /SUBSYSTEM:CONSOLE /TLBID:1 /DYNAMICBASE /NXCOMPAT /IMPLIB:"F:\CodeBOX\VC\opencv2-17-14\Debug\opencv2-17-14.lib" /MACHINE:X86 "Debug\opencv2-17-14.obj"
         Debug\stdafx.obj
         opencv2-17-14.vcxproj -> F:\CodeBOX\VC\opencv2-17-14\Debug\opencv2-17-14.exe
     1>已完成生成项目“F:\CodeBOX\VC\opencv2-17-14\opencv2-17-14\opencv2-17-14.vcxproj”(Build 个目标)的操作。

生成成功。

已用时间 00:00:01.59
