生成启动时间为 2013/11/30 20:43:48。
     1>项目“F:\CodeBOX\VC\Program11_23\Program11_23\Program11_23.vcxproj”在节点 2 上(Rebuild 个目标)。
     1>ClCompile:
         F:\Program Files (x86)\Microsoft Visual Studio 12.0\VC\bin\CL.exe /c /ZI /nologo /W3 /WX- /sdl /Od /Oy- /D WIN32 /D _DEBUG /D _CONSOLE /D _LIB /D _UNICODE /D UNICODE /Gm /EHsc /RTC1 /MDd /GS /fp:precise /Zc:wchar_t /Zc:forScope /Yc"stdafx.h" /Fp"Debug\Program11_23.pch" /Fo"Debug\\" /Fd"Debug\vc120.pdb" /Gd /TP /analyze- /errorReport:prompt stdafx.cpp
         stdafx.cpp
         F:\Program Files (x86)\Microsoft Visual Studio 12.0\VC\bin\CL.exe /c /ZI /nologo /W3 /WX- /sdl /Od /Oy- /D WIN32 /D _DEBUG /D _CONSOLE /D _LIB /D _UNICODE /D UNICODE /Gm /EHsc /RTC1 /MDd /GS /fp:precise /Zc:wchar_t /Zc:forScope /Yu"stdafx.h" /Fp"Debug\Program11_23.pch" /Fo"Debug\\" /Fd"Debug\vc120.pdb" /Gd /TP /analyze- /errorReport:prompt Program11_23.cpp Solver.cpp
         Solver.cpp
         Program11_23.cpp
         正在生成代码...
       ResourceCompile:
         C:\Program Files (x86)\Windows Kits\8.1\bin\x86\rc.exe /D _UNICODE /D UNICODE /l"0x0409" /nologo /fo"Debug\Program11_23.res" Program11_23.rc 
       Link:
         F:\Program Files (x86)\Microsoft Visual Studio 12.0\VC\bin\link.exe /ERRORREPORT:PROMPT /OUT:"F:\CodeBOX\VC\Program11_23\Debug\Program11_23.exe" /INCREMENTAL /NOLOGO kernel32.lib user32.lib gdi32.lib winspool.lib comdlg32.lib advapi32.lib shell32.lib ole32.lib oleaut32.lib uuid.lib odbc32.lib odbccp32.lib /MANIFEST /MANIFESTUAC:"level='asInvoker' uiAccess='false'" /manifest:embed /DEBUG /PDB:"F:\CodeBOX\VC\Program11_23\Debug\Program11_23.pdb" /SUBSYSTEM:CONSOLE /TLBID:1 /DYNAMICBASE /NXCOMPAT /IMPLIB:"F:\CodeBOX\VC\Program11_23\Debug\Program11_23.lib" /MACHINE:X86 Debug\Program11_23.res
         Debug\Program11_23.obj
         Debug\Solver.obj
         Debug\stdafx.obj
         Program11_23.vcxproj -> F:\CodeBOX\VC\Program11_23\Debug\Program11_23.exe
     1>已完成生成项目“F:\CodeBOX\VC\Program11_23\Program11_23\Program11_23.vcxproj”(Rebuild 个目标)的操作。

生成成功。

已用时间 00:00:01.28
