E:\CODEBOX\VC\CUTROD\CUTROD\DEBUG\CUTROD.PCH
E:\CODEBOX\VC\CUTROD\CUTROD\DEBUG\STDAFX.OBJ
E:\CODEBOX\VC\CUTROD\CUTROD\DEBUG\VC110.PDB
E:\CODEBOX\VC\CUTROD\CUTROD\DEBUG\CUTROD.OBJ
E:\CODEBOX\VC\CUTROD\DEBUG\CUTROD.ILK
E:\CODEBOX\VC\CUTROD\DEBUG\CUTROD.EXE
E:\CODEBOX\VC\CUTROD\DEBUG\CUTROD.PDB
E:\CodeBOX\VC\CutRod\CutRod\Debug\CutRod.obj
E:\CodeBOX\VC\CutRod\CutRod\Debug\stdafx.obj
E:\CodeBOX\VC\CutRod\CutRod\Debug\cl.command.1.tlog
E:\CodeBOX\VC\CutRod\CutRod\Debug\CL.read.1.tlog
E:\CodeBOX\VC\CutRod\CutRod\Debug\CL.write.1.tlog
E:\CodeBOX\VC\CutRod\CutRod\Debug\link-cvtres.read.1.tlog
E:\CodeBOX\VC\CutRod\CutRod\Debug\link-cvtres.write.1.tlog
E:\CodeBOX\VC\CutRod\CutRod\Debug\link-rc.read.1.tlog
E:\CodeBOX\VC\CutRod\CutRod\Debug\link-rc.write.1.tlog
E:\CodeBOX\VC\CutRod\CutRod\Debug\link.10604-cvtres.read.1.tlog
E:\CodeBOX\VC\CutRod\CutRod\Debug\link.10604-cvtres.write.1.tlog
E:\CodeBOX\VC\CutRod\CutRod\Debug\link.10604-rc.read.1.tlog
E:\CodeBOX\VC\CutRod\CutRod\Debug\link.10604-rc.write.1.tlog
E:\CodeBOX\VC\CutRod\CutRod\Debug\link.10604.read.1.tlog
E:\CodeBOX\VC\CutRod\CutRod\Debug\link.10604.write.1.tlog
E:\CodeBOX\VC\CutRod\CutRod\Debug\link.4972-cvtres.read.1.tlog
E:\CodeBOX\VC\CutRod\CutRod\Debug\link.4972-cvtres.write.1.tlog
E:\CodeBOX\VC\CutRod\CutRod\Debug\link.4972-rc.read.1.tlog
E:\CodeBOX\VC\CutRod\CutRod\Debug\link.4972-rc.write.1.tlog
E:\CodeBOX\VC\CutRod\CutRod\Debug\link.4972.read.1.tlog
E:\CodeBOX\VC\CutRod\CutRod\Debug\link.4972.write.1.tlog
E:\CodeBOX\VC\CutRod\CutRod\Debug\link.6516-cvtres.read.1.tlog
E:\CodeBOX\VC\CutRod\CutRod\Debug\link.6516-cvtres.write.1.tlog
E:\CodeBOX\VC\CutRod\CutRod\Debug\link.6516-rc.read.1.tlog
E:\CodeBOX\VC\CutRod\CutRod\Debug\link.6516-rc.write.1.tlog
E:\CodeBOX\VC\CutRod\CutRod\Debug\link.6516.read.1.tlog
E:\CodeBOX\VC\CutRod\CutRod\Debug\link.6516.write.1.tlog
E:\CodeBOX\VC\CutRod\CutRod\Debug\link.7948-cvtres.read.1.tlog
E:\CodeBOX\VC\CutRod\CutRod\Debug\link.7948-cvtres.write.1.tlog
E:\CodeBOX\VC\CutRod\CutRod\Debug\link.7948-rc.read.1.tlog
E:\CodeBOX\VC\CutRod\CutRod\Debug\link.7948-rc.write.1.tlog
E:\CodeBOX\VC\CutRod\CutRod\Debug\link.7948.read.1.tlog
E:\CodeBOX\VC\CutRod\CutRod\Debug\link.7948.write.1.tlog
E:\CodeBOX\VC\CutRod\CutRod\Debug\link.command.1.tlog
E:\CodeBOX\VC\CutRod\CutRod\Debug\link.read.1.tlog
E:\CodeBOX\VC\CutRod\CutRod\Debug\link.write.1.tlog
E:\CodeBOX\VC\CutRod\CutRod\Debug\CutRod.pch
E:\CodeBOX\VC\CutRod\CutRod\Debug\vc110.idb
E:\CodeBOX\VC\CutRod\CutRod\Debug\vc110.pdb
E:\CodeBOX\VC\CutRod\Debug\CutRod.pdb
E:\CodeBOX\VC\CutRod\Debug\CutRod.exe
E:\CodeBOX\VC\CutRod\Debug\CutRod.ilk
