E:\CODEBOX\VC\BAGONEZERO5-10-2014\BAGONEZERO5-10-2014\DEBUG\BAGONEZERO5-10-2014.OBJ
E:\CODEBOX\VC\BAGONEZERO5-10-2014\BAGONEZERO5-10-2014\DEBUG\VC110.PDB
E:\CODEBOX\VC\BAGONEZERO5-10-2014\BAGONEZERO5-10-2014\DEBUG\BAGONEZERO5-10-2014.PCH
E:\CODEBOX\VC\BAGONEZERO5-10-2014\BAGONEZERO5-10-2014\DEBUG\STDAFX.OBJ
E:\CODEBOX\VC\BAGONEZERO5-10-2014\DEBUG\BAGONEZERO5-10-2014.ILK
E:\CODEBOX\VC\BAGONEZERO5-10-2014\DEBUG\BAGONEZERO5-10-2014.EXE
E:\CODEBOX\VC\BAGONEZERO5-10-2014\DEBUG\BAGONEZERO5-10-2014.PDB
E:\CodeBOX\VC\BagOneZero5-10-2014\BagOneZero5-10-2014\Debug\stdafx.obj
E:\CodeBOX\VC\BagOneZero5-10-2014\BagOneZero5-10-2014\Debug\cl.command.1.tlog
E:\CodeBOX\VC\BagOneZero5-10-2014\BagOneZero5-10-2014\Debug\CL.read.1.tlog
E:\CodeBOX\VC\BagOneZero5-10-2014\BagOneZero5-10-2014\Debug\CL.write.1.tlog
E:\CodeBOX\VC\BagOneZero5-10-2014\BagOneZero5-10-2014\Debug\link-cvtres.read.1.tlog
E:\CodeBOX\VC\BagOneZero5-10-2014\BagOneZero5-10-2014\Debug\link-cvtres.write.1.tlog
E:\CodeBOX\VC\BagOneZero5-10-2014\BagOneZero5-10-2014\Debug\link-rc.read.1.tlog
E:\CodeBOX\VC\BagOneZero5-10-2014\BagOneZero5-10-2014\Debug\link-rc.write.1.tlog
E:\CodeBOX\VC\BagOneZero5-10-2014\BagOneZero5-10-2014\Debug\link.2948-cvtres.read.1.tlog
E:\CodeBOX\VC\BagOneZero5-10-2014\BagOneZero5-10-2014\Debug\link.2948-cvtres.write.1.tlog
E:\CodeBOX\VC\BagOneZero5-10-2014\BagOneZero5-10-2014\Debug\link.2948-rc.read.1.tlog
E:\CodeBOX\VC\BagOneZero5-10-2014\BagOneZero5-10-2014\Debug\link.2948-rc.write.1.tlog
E:\CodeBOX\VC\BagOneZero5-10-2014\BagOneZero5-10-2014\Debug\link.2948.read.1.tlog
E:\CodeBOX\VC\BagOneZero5-10-2014\BagOneZero5-10-2014\Debug\link.2948.write.1.tlog
E:\CodeBOX\VC\BagOneZero5-10-2014\BagOneZero5-10-2014\Debug\link.5996-cvtres.read.1.tlog
E:\CodeBOX\VC\BagOneZero5-10-2014\BagOneZero5-10-2014\Debug\link.5996-cvtres.write.1.tlog
E:\CodeBOX\VC\BagOneZero5-10-2014\BagOneZero5-10-2014\Debug\link.5996-rc.read.1.tlog
E:\CodeBOX\VC\BagOneZero5-10-2014\BagOneZero5-10-2014\Debug\link.5996-rc.write.1.tlog
E:\CodeBOX\VC\BagOneZero5-10-2014\BagOneZero5-10-2014\Debug\link.5996.read.1.tlog
E:\CodeBOX\VC\BagOneZero5-10-2014\BagOneZero5-10-2014\Debug\link.5996.write.1.tlog
E:\CodeBOX\VC\BagOneZero5-10-2014\BagOneZero5-10-2014\Debug\link.command.1.tlog
E:\CodeBOX\VC\BagOneZero5-10-2014\BagOneZero5-10-2014\Debug\link.read.1.tlog
E:\CodeBOX\VC\BagOneZero5-10-2014\BagOneZero5-10-2014\Debug\link.write.1.tlog
E:\CodeBOX\VC\BagOneZero5-10-2014\BagOneZero5-10-2014\Debug\BagOneZero5-10-2014.pch
E:\CodeBOX\VC\BagOneZero5-10-2014\BagOneZero5-10-2014\Debug\vc110.idb
E:\CodeBOX\VC\BagOneZero5-10-2014\BagOneZero5-10-2014\Debug\vc110.pdb
E:\CodeBOX\VC\BagOneZero5-10-2014\Debug\BagOneZero5-10-2014.pdb
E:\CodeBOX\VC\BagOneZero5-10-2014\Debug\BagOneZero5-10-2014.exe
E:\CodeBOX\VC\BagOneZero5-10-2014\Debug\BagOneZero5-10-2014.ilk
