E:\CODEBOX\VC\GREADY\GREADY\DEBUG\GREADY.PCH
E:\CODEBOX\VC\GREADY\GREADY\DEBUG\STDAFX.OBJ
E:\CODEBOX\VC\GREADY\GREADY\DEBUG\VC110.PDB
E:\CODEBOX\VC\GREADY\GREADY\DEBUG\GREADY.OBJ
E:\CODEBOX\VC\GREADY\DEBUG\GREADY.ILK
E:\CODEBOX\VC\GREADY\DEBUG\GREADY.EXE
E:\CODEBOX\VC\GREADY\DEBUG\GREADY.PDB
E:\CodeBOX\VC\Gready\Gready\Debug\Gready.obj
E:\CodeBOX\VC\Gready\Gready\Debug\stdafx.obj
E:\CodeBOX\VC\Gready\Gready\Debug\cl.command.1.tlog
E:\CodeBOX\VC\Gready\Gready\Debug\CL.read.1.tlog
E:\CodeBOX\VC\Gready\Gready\Debug\CL.write.1.tlog
E:\CodeBOX\VC\Gready\Gready\Debug\link-cvtres.read.1.tlog
E:\CodeBOX\VC\Gready\Gready\Debug\link-cvtres.write.1.tlog
E:\CodeBOX\VC\Gready\Gready\Debug\link-rc.read.1.tlog
E:\CodeBOX\VC\Gready\Gready\Debug\link-rc.write.1.tlog
E:\CodeBOX\VC\Gready\Gready\Debug\link.command.1.tlog
E:\CodeBOX\VC\Gready\Gready\Debug\link.read.1.tlog
E:\CodeBOX\VC\Gready\Gready\Debug\link.write.1.tlog
E:\CodeBOX\VC\Gready\Gready\Debug\Gready.pch
E:\CodeBOX\VC\Gready\Gready\Debug\vc110.idb
E:\CodeBOX\VC\Gready\Gready\Debug\vc110.pdb
E:\CodeBOX\VC\Gready\Debug\Gready.pdb
E:\CodeBOX\VC\Gready\Debug\Gready.exe
E:\CodeBOX\VC\Gready\Debug\Gready.ilk
