E:\CODEBOX\VC\DFS5_30_2014\DFS5_30_2014\DEBUG\DFS5_30_2014.PCH
E:\CODEBOX\VC\DFS5_30_2014\DFS5_30_2014\DEBUG\STDAFX.OBJ
E:\CODEBOX\VC\DFS5_30_2014\DFS5_30_2014\DEBUG\VC110.PDB
E:\CODEBOX\VC\DFS5_30_2014\DFS5_30_2014\DEBUG\NODE.OBJ
E:\CODEBOX\VC\DFS5_30_2014\DFS5_30_2014\DEBUG\DFS5_30_2014.OBJ
E:\CODEBOX\VC\DFS5_30_2014\DEBUG\DFS5_30_2014.ILK
E:\CODEBOX\VC\DFS5_30_2014\DEBUG\DFS5_30_2014.EXE
E:\CODEBOX\VC\DFS5_30_2014\DEBUG\DFS5_30_2014.PDB
E:\CodeBOX\VC\DFS5_30_2014\DFS5_30_2014\Debug\DFS5_30_2014.obj
E:\CodeBOX\VC\DFS5_30_2014\DFS5_30_2014\Debug\Node.obj
E:\CodeBOX\VC\DFS5_30_2014\DFS5_30_2014\Debug\stdafx.obj
E:\CodeBOX\VC\DFS5_30_2014\DFS5_30_2014\Debug\cl.command.1.tlog
E:\CodeBOX\VC\DFS5_30_2014\DFS5_30_2014\Debug\CL.read.1.tlog
E:\CodeBOX\VC\DFS5_30_2014\DFS5_30_2014\Debug\CL.write.1.tlog
E:\CodeBOX\VC\DFS5_30_2014\DFS5_30_2014\Debug\link-cvtres.read.1.tlog
E:\CodeBOX\VC\DFS5_30_2014\DFS5_30_2014\Debug\link-cvtres.write.1.tlog
E:\CodeBOX\VC\DFS5_30_2014\DFS5_30_2014\Debug\link-rc.read.1.tlog
E:\CodeBOX\VC\DFS5_30_2014\DFS5_30_2014\Debug\link-rc.write.1.tlog
E:\CodeBOX\VC\DFS5_30_2014\DFS5_30_2014\Debug\link.4100-cvtres.read.1.tlog
E:\CodeBOX\VC\DFS5_30_2014\DFS5_30_2014\Debug\link.4100-cvtres.write.1.tlog
E:\CodeBOX\VC\DFS5_30_2014\DFS5_30_2014\Debug\link.4100-rc.read.1.tlog
E:\CodeBOX\VC\DFS5_30_2014\DFS5_30_2014\Debug\link.4100-rc.write.1.tlog
E:\CodeBOX\VC\DFS5_30_2014\DFS5_30_2014\Debug\link.4100.read.1.tlog
E:\CodeBOX\VC\DFS5_30_2014\DFS5_30_2014\Debug\link.4100.write.1.tlog
E:\CodeBOX\VC\DFS5_30_2014\DFS5_30_2014\Debug\link.9004-cvtres.read.1.tlog
E:\CodeBOX\VC\DFS5_30_2014\DFS5_30_2014\Debug\link.9004-cvtres.write.1.tlog
E:\CodeBOX\VC\DFS5_30_2014\DFS5_30_2014\Debug\link.9004-rc.read.1.tlog
E:\CodeBOX\VC\DFS5_30_2014\DFS5_30_2014\Debug\link.9004-rc.write.1.tlog
E:\CodeBOX\VC\DFS5_30_2014\DFS5_30_2014\Debug\link.9004.read.1.tlog
E:\CodeBOX\VC\DFS5_30_2014\DFS5_30_2014\Debug\link.9004.write.1.tlog
E:\CodeBOX\VC\DFS5_30_2014\DFS5_30_2014\Debug\link.command.1.tlog
E:\CodeBOX\VC\DFS5_30_2014\DFS5_30_2014\Debug\link.read.1.tlog
E:\CodeBOX\VC\DFS5_30_2014\DFS5_30_2014\Debug\link.write.1.tlog
E:\CodeBOX\VC\DFS5_30_2014\DFS5_30_2014\Debug\DFS5_30_2014.pch
E:\CodeBOX\VC\DFS5_30_2014\DFS5_30_2014\Debug\vc110.idb
E:\CodeBOX\VC\DFS5_30_2014\DFS5_30_2014\Debug\vc110.pdb
E:\CodeBOX\VC\DFS5_30_2014\Debug\DFS5_30_2014.pdb
E:\CodeBOX\VC\DFS5_30_2014\Debug\DFS5_30_2014.exe
E:\CodeBOX\VC\DFS5_30_2014\Debug\DFS5_30_2014.ilk
