E:\CODEBOX\VC\PI6_8_2014\PI6_8_2014\DEBUG\PI6_8_2014.PCH
E:\CODEBOX\VC\PI6_8_2014\PI6_8_2014\DEBUG\STDAFX.OBJ
E:\CODEBOX\VC\PI6_8_2014\PI6_8_2014\DEBUG\VC110.PDB
E:\CODEBOX\VC\PI6_8_2014\PI6_8_2014\DEBUG\PI6_8_2014.OBJ
E:\CodeBOX\VC\PI6_8_2014\PI6_8_2014\Debug\PI6_8_2014.obj
E:\CodeBOX\VC\PI6_8_2014\PI6_8_2014\Debug\stdafx.obj
E:\CodeBOX\VC\PI6_8_2014\PI6_8_2014\Debug\cl.command.1.tlog
E:\CodeBOX\VC\PI6_8_2014\PI6_8_2014\Debug\CL.read.1.tlog
E:\CodeBOX\VC\PI6_8_2014\PI6_8_2014\Debug\CL.write.1.tlog
E:\CodeBOX\VC\PI6_8_2014\PI6_8_2014\Debug\link-cvtres.read.1.tlog
E:\CodeBOX\VC\PI6_8_2014\PI6_8_2014\Debug\link-cvtres.write.1.tlog
E:\CodeBOX\VC\PI6_8_2014\PI6_8_2014\Debug\link-rc.read.1.tlog
E:\CodeBOX\VC\PI6_8_2014\PI6_8_2014\Debug\link-rc.write.1.tlog
E:\CodeBOX\VC\PI6_8_2014\PI6_8_2014\Debug\link.command.1.tlog
E:\CodeBOX\VC\PI6_8_2014\PI6_8_2014\Debug\link.read.1.tlog
E:\CodeBOX\VC\PI6_8_2014\PI6_8_2014\Debug\link.write.1.tlog
E:\CodeBOX\VC\PI6_8_2014\PI6_8_2014\Debug\PI6_8_2014.pch
E:\CodeBOX\VC\PI6_8_2014\PI6_8_2014\Debug\vc110.idb
E:\CodeBOX\VC\PI6_8_2014\PI6_8_2014\Debug\vc110.pdb
E:\CodeBOX\VC\PI6_8_2014\Debug\PI6_8_2014.pdb
