E:\CODEBOX\VC\GRAPH4-15-2014\GRAPH4-15-2014\DEBUG\GRAPH4-15-2014.PCH
E:\CODEBOX\VC\GRAPH4-15-2014\GRAPH4-15-2014\DEBUG\STDAFX.OBJ
E:\CODEBOX\VC\GRAPH4-15-2014\GRAPH4-15-2014\DEBUG\VC110.PDB
E:\CODEBOX\VC\GRAPH4-15-2014\GRAPH4-15-2014\DEBUG\GRAPH4-15-2014.OBJ
E:\CODEBOX\VC\GRAPH4-15-2014\GRAPH4-15-2014\DEBUG\NODE.OBJ
E:\CODEBOX\VC\GRAPH4-15-2014\GRAPH4-15-2014\DEBUG\SOLVER.OBJ
E:\CODEBOX\VC\GRAPH4-15-2014\DEBUG\GRAPH4-15-2014.ILK
E:\CODEBOX\VC\GRAPH4-15-2014\DEBUG\GRAPH4-15-2014.EXE
E:\CODEBOX\VC\GRAPH4-15-2014\DEBUG\GRAPH4-15-2014.PDB
E:\CodeBOX\VC\Graph4-15-2014\Graph4-15-2014\Debug\Graph4-15-2014.obj
E:\CodeBOX\VC\Graph4-15-2014\Graph4-15-2014\Debug\Node.obj
E:\CodeBOX\VC\Graph4-15-2014\Graph4-15-2014\Debug\Solver.obj
E:\CodeBOX\VC\Graph4-15-2014\Graph4-15-2014\Debug\stdafx.obj
E:\CodeBOX\VC\Graph4-15-2014\Graph4-15-2014\Debug\cl.command.1.tlog
E:\CodeBOX\VC\Graph4-15-2014\Graph4-15-2014\Debug\CL.read.1.tlog
E:\CodeBOX\VC\Graph4-15-2014\Graph4-15-2014\Debug\CL.write.1.tlog
E:\CodeBOX\VC\Graph4-15-2014\Graph4-15-2014\Debug\link-cvtres.read.1.tlog
E:\CodeBOX\VC\Graph4-15-2014\Graph4-15-2014\Debug\link-cvtres.write.1.tlog
E:\CodeBOX\VC\Graph4-15-2014\Graph4-15-2014\Debug\link-rc.read.1.tlog
E:\CodeBOX\VC\Graph4-15-2014\Graph4-15-2014\Debug\link-rc.write.1.tlog
E:\CodeBOX\VC\Graph4-15-2014\Graph4-15-2014\Debug\link.1096-cvtres.read.1.tlog
E:\CodeBOX\VC\Graph4-15-2014\Graph4-15-2014\Debug\link.1096-cvtres.write.1.tlog
E:\CodeBOX\VC\Graph4-15-2014\Graph4-15-2014\Debug\link.1096-rc.read.1.tlog
E:\CodeBOX\VC\Graph4-15-2014\Graph4-15-2014\Debug\link.1096-rc.write.1.tlog
E:\CodeBOX\VC\Graph4-15-2014\Graph4-15-2014\Debug\link.1096.read.1.tlog
E:\CodeBOX\VC\Graph4-15-2014\Graph4-15-2014\Debug\link.1096.write.1.tlog
E:\CodeBOX\VC\Graph4-15-2014\Graph4-15-2014\Debug\link.2840-cvtres.read.1.tlog
E:\CodeBOX\VC\Graph4-15-2014\Graph4-15-2014\Debug\link.2840-cvtres.write.1.tlog
E:\CodeBOX\VC\Graph4-15-2014\Graph4-15-2014\Debug\link.2840-rc.read.1.tlog
E:\CodeBOX\VC\Graph4-15-2014\Graph4-15-2014\Debug\link.2840-rc.write.1.tlog
E:\CodeBOX\VC\Graph4-15-2014\Graph4-15-2014\Debug\link.2840.read.1.tlog
E:\CodeBOX\VC\Graph4-15-2014\Graph4-15-2014\Debug\link.2840.write.1.tlog
E:\CodeBOX\VC\Graph4-15-2014\Graph4-15-2014\Debug\link.4072-cvtres.read.1.tlog
E:\CodeBOX\VC\Graph4-15-2014\Graph4-15-2014\Debug\link.4072-cvtres.write.1.tlog
E:\CodeBOX\VC\Graph4-15-2014\Graph4-15-2014\Debug\link.4072-rc.read.1.tlog
E:\CodeBOX\VC\Graph4-15-2014\Graph4-15-2014\Debug\link.4072-rc.write.1.tlog
E:\CodeBOX\VC\Graph4-15-2014\Graph4-15-2014\Debug\link.4072.read.1.tlog
E:\CodeBOX\VC\Graph4-15-2014\Graph4-15-2014\Debug\link.4072.write.1.tlog
E:\CodeBOX\VC\Graph4-15-2014\Graph4-15-2014\Debug\link.4124-cvtres.read.1.tlog
E:\CodeBOX\VC\Graph4-15-2014\Graph4-15-2014\Debug\link.4124-cvtres.write.1.tlog
E:\CodeBOX\VC\Graph4-15-2014\Graph4-15-2014\Debug\link.4124-rc.read.1.tlog
E:\CodeBOX\VC\Graph4-15-2014\Graph4-15-2014\Debug\link.4124-rc.write.1.tlog
E:\CodeBOX\VC\Graph4-15-2014\Graph4-15-2014\Debug\link.4124.read.1.tlog
E:\CodeBOX\VC\Graph4-15-2014\Graph4-15-2014\Debug\link.4124.write.1.tlog
E:\CodeBOX\VC\Graph4-15-2014\Graph4-15-2014\Debug\link.5996-cvtres.read.1.tlog
E:\CodeBOX\VC\Graph4-15-2014\Graph4-15-2014\Debug\link.5996-cvtres.write.1.tlog
E:\CodeBOX\VC\Graph4-15-2014\Graph4-15-2014\Debug\link.5996-rc.read.1.tlog
E:\CodeBOX\VC\Graph4-15-2014\Graph4-15-2014\Debug\link.5996-rc.write.1.tlog
E:\CodeBOX\VC\Graph4-15-2014\Graph4-15-2014\Debug\link.5996.read.1.tlog
E:\CodeBOX\VC\Graph4-15-2014\Graph4-15-2014\Debug\link.5996.write.1.tlog
E:\CodeBOX\VC\Graph4-15-2014\Graph4-15-2014\Debug\link.command.1.tlog
E:\CodeBOX\VC\Graph4-15-2014\Graph4-15-2014\Debug\link.read.1.tlog
E:\CodeBOX\VC\Graph4-15-2014\Graph4-15-2014\Debug\link.write.1.tlog
E:\CodeBOX\VC\Graph4-15-2014\Graph4-15-2014\Debug\Graph4-15-2014.pch
E:\CodeBOX\VC\Graph4-15-2014\Graph4-15-2014\Debug\vc110.idb
E:\CodeBOX\VC\Graph4-15-2014\Graph4-15-2014\Debug\vc110.pdb
E:\CodeBOX\VC\Graph4-15-2014\Debug\Graph4-15-2014.pdb
E:\CodeBOX\VC\Graph4-15-2014\Debug\Graph4-15-2014.exe
E:\CodeBOX\VC\Graph4-15-2014\Debug\Graph4-15-2014.ilk
