E:\CODEBOX\VC\MAJORITY5_25_2014\MAJORITY5_25_2014\DEBUG\MAJORITY5_25_2014.PCH
E:\CODEBOX\VC\MAJORITY5_25_2014\MAJORITY5_25_2014\DEBUG\STDAFX.OBJ
E:\CODEBOX\VC\MAJORITY5_25_2014\MAJORITY5_25_2014\DEBUG\VC110.PDB
E:\CODEBOX\VC\MAJORITY5_25_2014\MAJORITY5_25_2014\DEBUG\MAJORITY5_25_2014.OBJ
E:\CODEBOX\VC\MAJORITY5_25_2014\DEBUG\MAJORITY5_25_2014.ILK
E:\CODEBOX\VC\MAJORITY5_25_2014\DEBUG\MAJORITY5_25_2014.EXE
E:\CODEBOX\VC\MAJORITY5_25_2014\DEBUG\MAJORITY5_25_2014.PDB
E:\CodeBOX\VC\Majority5_25_2014\Majority5_25_2014\Debug\Majority5_25_2014.obj
E:\CodeBOX\VC\Majority5_25_2014\Majority5_25_2014\Debug\stdafx.obj
E:\CodeBOX\VC\Majority5_25_2014\Majority5_25_2014\Debug\cl.command.1.tlog
E:\CodeBOX\VC\Majority5_25_2014\Majority5_25_2014\Debug\CL.read.1.tlog
E:\CodeBOX\VC\Majority5_25_2014\Majority5_25_2014\Debug\CL.write.1.tlog
E:\CodeBOX\VC\Majority5_25_2014\Majority5_25_2014\Debug\link-cvtres.read.1.tlog
E:\CodeBOX\VC\Majority5_25_2014\Majority5_25_2014\Debug\link-cvtres.write.1.tlog
E:\CodeBOX\VC\Majority5_25_2014\Majority5_25_2014\Debug\link-rc.read.1.tlog
E:\CodeBOX\VC\Majority5_25_2014\Majority5_25_2014\Debug\link-rc.write.1.tlog
E:\CodeBOX\VC\Majority5_25_2014\Majority5_25_2014\Debug\link.command.1.tlog
E:\CodeBOX\VC\Majority5_25_2014\Majority5_25_2014\Debug\link.read.1.tlog
E:\CodeBOX\VC\Majority5_25_2014\Majority5_25_2014\Debug\link.write.1.tlog
E:\CodeBOX\VC\Majority5_25_2014\Majority5_25_2014\Debug\Majority5_25_2014.pch
E:\CodeBOX\VC\Majority5_25_2014\Majority5_25_2014\Debug\vc110.idb
E:\CodeBOX\VC\Majority5_25_2014\Majority5_25_2014\Debug\vc110.pdb
E:\CodeBOX\VC\Majority5_25_2014\Debug\Majority5_25_2014.pdb
E:\CodeBOX\VC\Majority5_25_2014\Debug\Majority5_25_2014.exe
E:\CodeBOX\VC\Majority5_25_2014\Debug\Majority5_25_2014.ilk
