E:\CODEBOX\VC\CONJUGATEGRADIENT\CONJUGATEGRADIENT\DEBUG\CONJUGATEGRADIENT.PCH
E:\CODEBOX\VC\CONJUGATEGRADIENT\CONJUGATEGRADIENT\DEBUG\STDAFX.OBJ
E:\CODEBOX\VC\CONJUGATEGRADIENT\CONJUGATEGRADIENT\DEBUG\VC110.PDB
E:\CODEBOX\VC\CONJUGATEGRADIENT\CONJUGATEGRADIENT\DEBUG\CONJUGATEGRADIENT.OBJ
E:\CODEBOX\VC\CONJUGATEGRADIENT\CONJUGATEGRADIENT\DEBUG\CONJUGATEGRA.OBJ
E:\CODEBOX\VC\CONJUGATEGRADIENT\DEBUG\CONJUGATEGRADIENT.ILK
E:\CODEBOX\VC\CONJUGATEGRADIENT\DEBUG\CONJUGATEGRADIENT.EXE
E:\CODEBOX\VC\CONJUGATEGRADIENT\DEBUG\CONJUGATEGRADIENT.PDB
E:\CodeBOX\VC\ConjugateGradient\ConjugateGradient\Debug\ConjugateGra.obj
E:\CodeBOX\VC\ConjugateGradient\ConjugateGradient\Debug\ConjugateGradient.obj
E:\CodeBOX\VC\ConjugateGradient\ConjugateGradient\Debug\stdafx.obj
E:\CodeBOX\VC\ConjugateGradient\ConjugateGradient\Debug\cl.command.1.tlog
E:\CodeBOX\VC\ConjugateGradient\ConjugateGradient\Debug\CL.read.1.tlog
E:\CodeBOX\VC\ConjugateGradient\ConjugateGradient\Debug\CL.write.1.tlog
E:\CodeBOX\VC\ConjugateGradient\ConjugateGradient\Debug\link-cvtres.read.1.tlog
E:\CodeBOX\VC\ConjugateGradient\ConjugateGradient\Debug\link-cvtres.write.1.tlog
E:\CodeBOX\VC\ConjugateGradient\ConjugateGradient\Debug\link-rc.read.1.tlog
E:\CodeBOX\VC\ConjugateGradient\ConjugateGradient\Debug\link-rc.write.1.tlog
E:\CodeBOX\VC\ConjugateGradient\ConjugateGradient\Debug\link.1256-cvtres.read.1.tlog
E:\CodeBOX\VC\ConjugateGradient\ConjugateGradient\Debug\link.1256-cvtres.write.1.tlog
E:\CodeBOX\VC\ConjugateGradient\ConjugateGradient\Debug\link.1256-rc.read.1.tlog
E:\CodeBOX\VC\ConjugateGradient\ConjugateGradient\Debug\link.1256-rc.write.1.tlog
E:\CodeBOX\VC\ConjugateGradient\ConjugateGradient\Debug\link.1256.read.1.tlog
E:\CodeBOX\VC\ConjugateGradient\ConjugateGradient\Debug\link.1256.write.1.tlog
E:\CodeBOX\VC\ConjugateGradient\ConjugateGradient\Debug\link.3308-cvtres.read.1.tlog
E:\CodeBOX\VC\ConjugateGradient\ConjugateGradient\Debug\link.3308-cvtres.write.1.tlog
E:\CodeBOX\VC\ConjugateGradient\ConjugateGradient\Debug\link.3308-rc.read.1.tlog
E:\CodeBOX\VC\ConjugateGradient\ConjugateGradient\Debug\link.3308-rc.write.1.tlog
E:\CodeBOX\VC\ConjugateGradient\ConjugateGradient\Debug\link.3308.read.1.tlog
E:\CodeBOX\VC\ConjugateGradient\ConjugateGradient\Debug\link.3308.write.1.tlog
E:\CodeBOX\VC\ConjugateGradient\ConjugateGradient\Debug\link.6200-cvtres.read.1.tlog
E:\CodeBOX\VC\ConjugateGradient\ConjugateGradient\Debug\link.6200-cvtres.write.1.tlog
E:\CodeBOX\VC\ConjugateGradient\ConjugateGradient\Debug\link.6200-rc.read.1.tlog
E:\CodeBOX\VC\ConjugateGradient\ConjugateGradient\Debug\link.6200-rc.write.1.tlog
E:\CodeBOX\VC\ConjugateGradient\ConjugateGradient\Debug\link.6200.read.1.tlog
E:\CodeBOX\VC\ConjugateGradient\ConjugateGradient\Debug\link.6200.write.1.tlog
E:\CodeBOX\VC\ConjugateGradient\ConjugateGradient\Debug\link.8524-cvtres.read.1.tlog
E:\CodeBOX\VC\ConjugateGradient\ConjugateGradient\Debug\link.8524-cvtres.write.1.tlog
E:\CodeBOX\VC\ConjugateGradient\ConjugateGradient\Debug\link.8524-rc.read.1.tlog
E:\CodeBOX\VC\ConjugateGradient\ConjugateGradient\Debug\link.8524-rc.write.1.tlog
E:\CodeBOX\VC\ConjugateGradient\ConjugateGradient\Debug\link.8524.read.1.tlog
E:\CodeBOX\VC\ConjugateGradient\ConjugateGradient\Debug\link.8524.write.1.tlog
E:\CodeBOX\VC\ConjugateGradient\ConjugateGradient\Debug\link.command.1.tlog
E:\CodeBOX\VC\ConjugateGradient\ConjugateGradient\Debug\link.read.1.tlog
E:\CodeBOX\VC\ConjugateGradient\ConjugateGradient\Debug\link.write.1.tlog
E:\CodeBOX\VC\ConjugateGradient\ConjugateGradient\Debug\ConjugateGradient.pch
E:\CodeBOX\VC\ConjugateGradient\ConjugateGradient\Debug\vc110.idb
E:\CodeBOX\VC\ConjugateGradient\ConjugateGradient\Debug\vc110.pdb
E:\CodeBOX\VC\ConjugateGradient\Debug\ConjugateGradient.pdb
E:\CodeBOX\VC\ConjugateGradient\Debug\ConjugateGradient.exe
E:\CodeBOX\VC\ConjugateGradient\Debug\ConjugateGradient.ilk
