E:\CODEBOX\VC\HUFFMANCODE\HUFFMANCODE\DEBUG\HUFFMANCODE.PCH
E:\CODEBOX\VC\HUFFMANCODE\HUFFMANCODE\DEBUG\STDAFX.OBJ
E:\CODEBOX\VC\HUFFMANCODE\HUFFMANCODE\DEBUG\VC110.PDB
E:\CODEBOX\VC\HUFFMANCODE\HUFFMANCODE\DEBUG\NODE.OBJ
E:\CODEBOX\VC\HUFFMANCODE\HUFFMANCODE\DEBUG\HEAP.OBJ
E:\CODEBOX\VC\HUFFMANCODE\HUFFMANCODE\DEBUG\HUFFMANCODE.OBJ
E:\CODEBOX\VC\HUFFMANCODE\DEBUG\HUFFMANCODE.ILK
E:\CODEBOX\VC\HUFFMANCODE\DEBUG\HUFFMANCODE.EXE
E:\CODEBOX\VC\HUFFMANCODE\DEBUG\HUFFMANCODE.PDB
E:\CodeBOX\VC\HuffmanCode\HuffmanCode\Debug\Heap.obj
E:\CodeBOX\VC\HuffmanCode\HuffmanCode\Debug\HuffmanCode.obj
E:\CodeBOX\VC\HuffmanCode\HuffmanCode\Debug\Node.obj
E:\CodeBOX\VC\HuffmanCode\HuffmanCode\Debug\stdafx.obj
E:\CodeBOX\VC\HuffmanCode\HuffmanCode\Debug\cl.command.1.tlog
E:\CodeBOX\VC\HuffmanCode\HuffmanCode\Debug\CL.read.1.tlog
E:\CodeBOX\VC\HuffmanCode\HuffmanCode\Debug\CL.write.1.tlog
E:\CodeBOX\VC\HuffmanCode\HuffmanCode\Debug\link-cvtres.read.1.tlog
E:\CodeBOX\VC\HuffmanCode\HuffmanCode\Debug\link-cvtres.write.1.tlog
E:\CodeBOX\VC\HuffmanCode\HuffmanCode\Debug\link-rc.read.1.tlog
E:\CodeBOX\VC\HuffmanCode\HuffmanCode\Debug\link-rc.write.1.tlog
E:\CodeBOX\VC\HuffmanCode\HuffmanCode\Debug\link.4932-cvtres.read.1.tlog
E:\CodeBOX\VC\HuffmanCode\HuffmanCode\Debug\link.4932-cvtres.write.1.tlog
E:\CodeBOX\VC\HuffmanCode\HuffmanCode\Debug\link.4932-rc.read.1.tlog
E:\CodeBOX\VC\HuffmanCode\HuffmanCode\Debug\link.4932-rc.write.1.tlog
E:\CodeBOX\VC\HuffmanCode\HuffmanCode\Debug\link.4932.read.1.tlog
E:\CodeBOX\VC\HuffmanCode\HuffmanCode\Debug\link.4932.write.1.tlog
E:\CodeBOX\VC\HuffmanCode\HuffmanCode\Debug\link.5508-cvtres.read.1.tlog
E:\CodeBOX\VC\HuffmanCode\HuffmanCode\Debug\link.5508-cvtres.write.1.tlog
E:\CodeBOX\VC\HuffmanCode\HuffmanCode\Debug\link.5508-rc.read.1.tlog
E:\CodeBOX\VC\HuffmanCode\HuffmanCode\Debug\link.5508-rc.write.1.tlog
E:\CodeBOX\VC\HuffmanCode\HuffmanCode\Debug\link.5508.read.1.tlog
E:\CodeBOX\VC\HuffmanCode\HuffmanCode\Debug\link.5508.write.1.tlog
E:\CodeBOX\VC\HuffmanCode\HuffmanCode\Debug\link.7220-cvtres.read.1.tlog
E:\CodeBOX\VC\HuffmanCode\HuffmanCode\Debug\link.7220-cvtres.write.1.tlog
E:\CodeBOX\VC\HuffmanCode\HuffmanCode\Debug\link.7220-rc.read.1.tlog
E:\CodeBOX\VC\HuffmanCode\HuffmanCode\Debug\link.7220-rc.write.1.tlog
E:\CodeBOX\VC\HuffmanCode\HuffmanCode\Debug\link.7220.read.1.tlog
E:\CodeBOX\VC\HuffmanCode\HuffmanCode\Debug\link.7220.write.1.tlog
E:\CodeBOX\VC\HuffmanCode\HuffmanCode\Debug\link.9308-cvtres.read.1.tlog
E:\CodeBOX\VC\HuffmanCode\HuffmanCode\Debug\link.9308-cvtres.write.1.tlog
E:\CodeBOX\VC\HuffmanCode\HuffmanCode\Debug\link.9308-rc.read.1.tlog
E:\CodeBOX\VC\HuffmanCode\HuffmanCode\Debug\link.9308-rc.write.1.tlog
E:\CodeBOX\VC\HuffmanCode\HuffmanCode\Debug\link.9308.read.1.tlog
E:\CodeBOX\VC\HuffmanCode\HuffmanCode\Debug\link.9308.write.1.tlog
E:\CodeBOX\VC\HuffmanCode\HuffmanCode\Debug\link.command.1.tlog
E:\CodeBOX\VC\HuffmanCode\HuffmanCode\Debug\link.read.1.tlog
E:\CodeBOX\VC\HuffmanCode\HuffmanCode\Debug\link.write.1.tlog
E:\CodeBOX\VC\HuffmanCode\HuffmanCode\Debug\HuffmanCode.pch
E:\CodeBOX\VC\HuffmanCode\HuffmanCode\Debug\vc110.idb
E:\CodeBOX\VC\HuffmanCode\HuffmanCode\Debug\vc110.pdb
E:\CodeBOX\VC\HuffmanCode\Debug\HuffmanCode.pdb
E:\CodeBOX\VC\HuffmanCode\Debug\HuffmanCode.exe
E:\CodeBOX\VC\HuffmanCode\Debug\HuffmanCode.ilk
