E:\CODEBOX\VC\DATAIN\DATAIN\DEBUG\DATAIN.PCH
E:\CODEBOX\VC\DATAIN\DATAIN\DEBUG\STDAFX.OBJ
E:\CODEBOX\VC\DATAIN\DATAIN\DEBUG\VC110.PDB
E:\CODEBOX\VC\DATAIN\DATAIN\DEBUG\DATAIN.OBJ
E:\CODEBOX\VC\DATAIN\DEBUG\DATAIN.ILK
E:\CODEBOX\VC\DATAIN\DEBUG\DATAIN.EXE
E:\CODEBOX\VC\DATAIN\DEBUG\DATAIN.PDB
E:\CodeBOX\VC\DataIN\DataIN\Debug\DataIN.obj
E:\CodeBOX\VC\DataIN\DataIN\Debug\stdafx.obj
E:\CodeBOX\VC\DataIN\DataIN\Debug\cl.command.1.tlog
E:\CodeBOX\VC\DataIN\DataIN\Debug\CL.read.1.tlog
E:\CodeBOX\VC\DataIN\DataIN\Debug\CL.write.1.tlog
E:\CodeBOX\VC\DataIN\DataIN\Debug\link-cvtres.read.1.tlog
E:\CodeBOX\VC\DataIN\DataIN\Debug\link-cvtres.write.1.tlog
E:\CodeBOX\VC\DataIN\DataIN\Debug\link-rc.read.1.tlog
E:\CodeBOX\VC\DataIN\DataIN\Debug\link-rc.write.1.tlog
E:\CodeBOX\VC\DataIN\DataIN\Debug\link.command.1.tlog
E:\CodeBOX\VC\DataIN\DataIN\Debug\link.read.1.tlog
E:\CodeBOX\VC\DataIN\DataIN\Debug\link.write.1.tlog
E:\CodeBOX\VC\DataIN\DataIN\Debug\DataIN.pch
E:\CodeBOX\VC\DataIN\DataIN\Debug\vc110.idb
E:\CodeBOX\VC\DataIN\DataIN\Debug\vc110.pdb
E:\CodeBOX\VC\DataIN\Debug\DataIN.pdb
E:\CodeBOX\VC\DataIN\Debug\DataIN.exe
E:\CodeBOX\VC\DataIN\Debug\DataIN.ilk
