E:\CODEBOX\VC\NOISEREMOVE\NOISEREMOVE\DEBUG\NOISEREMOVE.PCH
E:\CODEBOX\VC\NOISEREMOVE\NOISEREMOVE\DEBUG\STDAFX.OBJ
E:\CODEBOX\VC\NOISEREMOVE\NOISEREMOVE\DEBUG\VC110.PDB
E:\CODEBOX\VC\NOISEREMOVE\NOISEREMOVE\DEBUG\NOISEREMOVE.OBJ
E:\CODEBOX\VC\NOISEREMOVE\DEBUG\NOISEREMOVE.ILK
E:\CODEBOX\VC\NOISEREMOVE\DEBUG\NOISEREMOVE.EXE
E:\CODEBOX\VC\NOISEREMOVE\DEBUG\NOISEREMOVE.PDB
E:\CodeBOX\VC\NoiseRemove\NoiseRemove\Debug\NoiseRemove.obj
E:\CodeBOX\VC\NoiseRemove\NoiseRemove\Debug\stdafx.obj
E:\CodeBOX\VC\NoiseRemove\NoiseRemove\Debug\cl.command.1.tlog
E:\CodeBOX\VC\NoiseRemove\NoiseRemove\Debug\CL.read.1.tlog
E:\CodeBOX\VC\NoiseRemove\NoiseRemove\Debug\CL.write.1.tlog
E:\CodeBOX\VC\NoiseRemove\NoiseRemove\Debug\link-cvtres.read.1.tlog
E:\CodeBOX\VC\NoiseRemove\NoiseRemove\Debug\link-cvtres.write.1.tlog
E:\CodeBOX\VC\NoiseRemove\NoiseRemove\Debug\link-rc.read.1.tlog
E:\CodeBOX\VC\NoiseRemove\NoiseRemove\Debug\link-rc.write.1.tlog
E:\CodeBOX\VC\NoiseRemove\NoiseRemove\Debug\link.2876-cvtres.read.1.tlog
E:\CodeBOX\VC\NoiseRemove\NoiseRemove\Debug\link.2876-cvtres.write.1.tlog
E:\CodeBOX\VC\NoiseRemove\NoiseRemove\Debug\link.2876-rc.read.1.tlog
E:\CodeBOX\VC\NoiseRemove\NoiseRemove\Debug\link.2876-rc.write.1.tlog
E:\CodeBOX\VC\NoiseRemove\NoiseRemove\Debug\link.2876.read.1.tlog
E:\CodeBOX\VC\NoiseRemove\NoiseRemove\Debug\link.2876.write.1.tlog
E:\CodeBOX\VC\NoiseRemove\NoiseRemove\Debug\link.6376-cvtres.read.1.tlog
E:\CodeBOX\VC\NoiseRemove\NoiseRemove\Debug\link.6376-cvtres.write.1.tlog
E:\CodeBOX\VC\NoiseRemove\NoiseRemove\Debug\link.6376-rc.read.1.tlog
E:\CodeBOX\VC\NoiseRemove\NoiseRemove\Debug\link.6376-rc.write.1.tlog
E:\CodeBOX\VC\NoiseRemove\NoiseRemove\Debug\link.6376.read.1.tlog
E:\CodeBOX\VC\NoiseRemove\NoiseRemove\Debug\link.6376.write.1.tlog
E:\CodeBOX\VC\NoiseRemove\NoiseRemove\Debug\link.7336-cvtres.read.1.tlog
E:\CodeBOX\VC\NoiseRemove\NoiseRemove\Debug\link.7336-cvtres.write.1.tlog
E:\CodeBOX\VC\NoiseRemove\NoiseRemove\Debug\link.7336-rc.read.1.tlog
E:\CodeBOX\VC\NoiseRemove\NoiseRemove\Debug\link.7336-rc.write.1.tlog
E:\CodeBOX\VC\NoiseRemove\NoiseRemove\Debug\link.7336.read.1.tlog
E:\CodeBOX\VC\NoiseRemove\NoiseRemove\Debug\link.7336.write.1.tlog
E:\CodeBOX\VC\NoiseRemove\NoiseRemove\Debug\link.7364-cvtres.read.1.tlog
E:\CodeBOX\VC\NoiseRemove\NoiseRemove\Debug\link.7364-cvtres.write.1.tlog
E:\CodeBOX\VC\NoiseRemove\NoiseRemove\Debug\link.7364-rc.read.1.tlog
E:\CodeBOX\VC\NoiseRemove\NoiseRemove\Debug\link.7364-rc.write.1.tlog
E:\CodeBOX\VC\NoiseRemove\NoiseRemove\Debug\link.7364.read.1.tlog
E:\CodeBOX\VC\NoiseRemove\NoiseRemove\Debug\link.7364.write.1.tlog
E:\CodeBOX\VC\NoiseRemove\NoiseRemove\Debug\link.command.1.tlog
E:\CodeBOX\VC\NoiseRemove\NoiseRemove\Debug\link.read.1.tlog
E:\CodeBOX\VC\NoiseRemove\NoiseRemove\Debug\link.write.1.tlog
E:\CodeBOX\VC\NoiseRemove\NoiseRemove\Debug\NoiseRemove.pch
E:\CodeBOX\VC\NoiseRemove\NoiseRemove\Debug\vc110.idb
E:\CodeBOX\VC\NoiseRemove\NoiseRemove\Debug\vc110.pdb
E:\CodeBOX\VC\NoiseRemove\Debug\NoiseRemove.pdb
E:\CodeBOX\VC\NoiseRemove\Debug\NoiseRemove.exe
E:\CodeBOX\VC\NoiseRemove\Debug\NoiseRemove.ilk
