E:\CODEBOX\VC\LAPLACESOBEL\LAPLACESOBEL\DEBUG\LAPLACESOBEL.PCH
E:\CODEBOX\VC\LAPLACESOBEL\LAPLACESOBEL\DEBUG\STDAFX.OBJ
E:\CODEBOX\VC\LAPLACESOBEL\LAPLACESOBEL\DEBUG\VC110.PDB
E:\CODEBOX\VC\LAPLACESOBEL\LAPLACESOBEL\DEBUG\LAPLACESOBEL.OBJ
E:\CODEBOX\VC\LAPLACESOBEL\LAPLACESOBEL\DEBUG\FILTER.OBJ
E:\CODEBOX\VC\LAPLACESOBEL\DEBUG\LAPLACESOBEL.ILK
E:\CODEBOX\VC\LAPLACESOBEL\DEBUG\LAPLACESOBEL.EXE
E:\CODEBOX\VC\LAPLACESOBEL\DEBUG\LAPLACESOBEL.PDB
E:\CodeBOX\VC\LaplaceSobel\LaplaceSobel\Debug\Filter.obj
E:\CodeBOX\VC\LaplaceSobel\LaplaceSobel\Debug\LaplaceSobel.obj
E:\CodeBOX\VC\LaplaceSobel\LaplaceSobel\Debug\stdafx.obj
E:\CodeBOX\VC\LaplaceSobel\LaplaceSobel\Debug\cl.command.1.tlog
E:\CodeBOX\VC\LaplaceSobel\LaplaceSobel\Debug\CL.read.1.tlog
E:\CodeBOX\VC\LaplaceSobel\LaplaceSobel\Debug\CL.write.1.tlog
E:\CodeBOX\VC\LaplaceSobel\LaplaceSobel\Debug\link-cvtres.read.1.tlog
E:\CodeBOX\VC\LaplaceSobel\LaplaceSobel\Debug\link-cvtres.write.1.tlog
E:\CodeBOX\VC\LaplaceSobel\LaplaceSobel\Debug\link-rc.read.1.tlog
E:\CodeBOX\VC\LaplaceSobel\LaplaceSobel\Debug\link-rc.write.1.tlog
E:\CodeBOX\VC\LaplaceSobel\LaplaceSobel\Debug\link.2220-cvtres.read.1.tlog
E:\CodeBOX\VC\LaplaceSobel\LaplaceSobel\Debug\link.2220-cvtres.write.1.tlog
E:\CodeBOX\VC\LaplaceSobel\LaplaceSobel\Debug\link.2220-rc.read.1.tlog
E:\CodeBOX\VC\LaplaceSobel\LaplaceSobel\Debug\link.2220-rc.write.1.tlog
E:\CodeBOX\VC\LaplaceSobel\LaplaceSobel\Debug\link.2220.read.1.tlog
E:\CodeBOX\VC\LaplaceSobel\LaplaceSobel\Debug\link.2220.write.1.tlog
E:\CodeBOX\VC\LaplaceSobel\LaplaceSobel\Debug\link.4216-cvtres.read.1.tlog
E:\CodeBOX\VC\LaplaceSobel\LaplaceSobel\Debug\link.4216-cvtres.write.1.tlog
E:\CodeBOX\VC\LaplaceSobel\LaplaceSobel\Debug\link.4216-rc.read.1.tlog
E:\CodeBOX\VC\LaplaceSobel\LaplaceSobel\Debug\link.4216-rc.write.1.tlog
E:\CodeBOX\VC\LaplaceSobel\LaplaceSobel\Debug\link.4216.read.1.tlog
E:\CodeBOX\VC\LaplaceSobel\LaplaceSobel\Debug\link.4216.write.1.tlog
E:\CodeBOX\VC\LaplaceSobel\LaplaceSobel\Debug\link.5768-cvtres.read.1.tlog
E:\CodeBOX\VC\LaplaceSobel\LaplaceSobel\Debug\link.5768-cvtres.write.1.tlog
E:\CodeBOX\VC\LaplaceSobel\LaplaceSobel\Debug\link.5768-rc.read.1.tlog
E:\CodeBOX\VC\LaplaceSobel\LaplaceSobel\Debug\link.5768-rc.write.1.tlog
E:\CodeBOX\VC\LaplaceSobel\LaplaceSobel\Debug\link.5768.read.1.tlog
E:\CodeBOX\VC\LaplaceSobel\LaplaceSobel\Debug\link.5768.write.1.tlog
E:\CodeBOX\VC\LaplaceSobel\LaplaceSobel\Debug\link.7160-cvtres.read.1.tlog
E:\CodeBOX\VC\LaplaceSobel\LaplaceSobel\Debug\link.7160-cvtres.write.1.tlog
E:\CodeBOX\VC\LaplaceSobel\LaplaceSobel\Debug\link.7160-rc.read.1.tlog
E:\CodeBOX\VC\LaplaceSobel\LaplaceSobel\Debug\link.7160-rc.write.1.tlog
E:\CodeBOX\VC\LaplaceSobel\LaplaceSobel\Debug\link.7160.read.1.tlog
E:\CodeBOX\VC\LaplaceSobel\LaplaceSobel\Debug\link.7160.write.1.tlog
E:\CodeBOX\VC\LaplaceSobel\LaplaceSobel\Debug\link.command.1.tlog
E:\CodeBOX\VC\LaplaceSobel\LaplaceSobel\Debug\link.read.1.tlog
E:\CodeBOX\VC\LaplaceSobel\LaplaceSobel\Debug\link.write.1.tlog
E:\CodeBOX\VC\LaplaceSobel\LaplaceSobel\Debug\LaplaceSobel.pch
E:\CodeBOX\VC\LaplaceSobel\LaplaceSobel\Debug\vc110.idb
E:\CodeBOX\VC\LaplaceSobel\LaplaceSobel\Debug\vc110.pdb
E:\CodeBOX\VC\LaplaceSobel\Debug\LaplaceSobel.pdb
E:\CodeBOX\VC\LaplaceSobel\Debug\LaplaceSobel.exe
E:\CodeBOX\VC\LaplaceSobel\Debug\LaplaceSobel.ilk
