E:\CODEBOX\VC\LAPLACE\LAPLACE\DEBUG\LAPLACE.PCH
E:\CODEBOX\VC\LAPLACE\LAPLACE\DEBUG\STDAFX.OBJ
E:\CODEBOX\VC\LAPLACE\LAPLACE\DEBUG\VC110.PDB
E:\CODEBOX\VC\LAPLACE\LAPLACE\DEBUG\SHARPEN.OBJ
E:\CODEBOX\VC\LAPLACE\LAPLACE\DEBUG\LAPLACE.OBJ
E:\CODEBOX\VC\LAPLACE\DEBUG\LAPLACE.ILK
E:\CODEBOX\VC\LAPLACE\DEBUG\LAPLACE.EXE
E:\CODEBOX\VC\LAPLACE\DEBUG\LAPLACE.PDB
E:\CodeBOX\VC\Laplace\Laplace\Debug\Laplace.obj
E:\CodeBOX\VC\Laplace\Laplace\Debug\MyClass.obj
E:\CodeBOX\VC\Laplace\Laplace\Debug\Sharpen.obj
E:\CodeBOX\VC\Laplace\Laplace\Debug\stdafx.obj
E:\CodeBOX\VC\Laplace\Laplace\Debug\cl.command.1.tlog
E:\CodeBOX\VC\Laplace\Laplace\Debug\CL.read.1.tlog
E:\CodeBOX\VC\Laplace\Laplace\Debug\CL.write.1.tlog
E:\CodeBOX\VC\Laplace\Laplace\Debug\link-cvtres.read.1.tlog
E:\CodeBOX\VC\Laplace\Laplace\Debug\link-cvtres.write.1.tlog
E:\CodeBOX\VC\Laplace\Laplace\Debug\link-rc.read.1.tlog
E:\CodeBOX\VC\Laplace\Laplace\Debug\link-rc.write.1.tlog
E:\CodeBOX\VC\Laplace\Laplace\Debug\link.command.1.tlog
E:\CodeBOX\VC\Laplace\Laplace\Debug\link.read.1.tlog
E:\CodeBOX\VC\Laplace\Laplace\Debug\link.write.1.tlog
E:\CodeBOX\VC\Laplace\Laplace\Debug\Laplace.pch
E:\CodeBOX\VC\Laplace\Laplace\Debug\vc110.idb
E:\CodeBOX\VC\Laplace\Laplace\Debug\vc110.pdb
E:\CodeBOX\VC\Laplace\Debug\Laplace.pdb
E:\CodeBOX\VC\Laplace\Debug\Laplace.exe
E:\CodeBOX\VC\Laplace\Debug\Laplace.ilk
