F:\CODEBOX\VC\BLUR\BLUR\DEBUG\BLUR.PCH
F:\CODEBOX\VC\BLUR\BLUR\DEBUG\STDAFX.OBJ
F:\CODEBOX\VC\BLUR\BLUR\DEBUG\VC110.PDB
F:\CODEBOX\VC\BLUR\BLUR\DEBUG\BLUR.OBJ
F:\CODEBOX\VC\BLUR\DEBUG\BLUR.ILK
F:\CODEBOX\VC\BLUR\DEBUG\BLUR.EXE
F:\CODEBOX\VC\BLUR\DEBUG\BLUR.PDB
F:\CodeBOX\VC\Blur\Blur\Debug\Blur.obj
F:\CodeBOX\VC\Blur\Blur\Debug\stdafx.obj
F:\CodeBOX\VC\Blur\Blur\Debug\cl.command.1.tlog
F:\CodeBOX\VC\Blur\Blur\Debug\CL.read.1.tlog
F:\CodeBOX\VC\Blur\Blur\Debug\CL.write.1.tlog
F:\CodeBOX\VC\Blur\Blur\Debug\link-cvtres.read.1.tlog
F:\CodeBOX\VC\Blur\Blur\Debug\link-cvtres.write.1.tlog
F:\CodeBOX\VC\Blur\Blur\Debug\link-rc.read.1.tlog
F:\CodeBOX\VC\Blur\Blur\Debug\link-rc.write.1.tlog
F:\CodeBOX\VC\Blur\Blur\Debug\link.command.1.tlog
F:\CodeBOX\VC\Blur\Blur\Debug\link.read.1.tlog
F:\CodeBOX\VC\Blur\Blur\Debug\link.write.1.tlog
F:\CodeBOX\VC\Blur\Blur\Debug\Blur.pch
F:\CodeBOX\VC\Blur\Blur\Debug\vc110.idb
F:\CodeBOX\VC\Blur\Blur\Debug\vc110.pdb
F:\CodeBOX\VC\Blur\Debug\Blur.pdb
F:\CodeBOX\VC\Blur\Debug\Blur.exe
F:\CodeBOX\VC\Blur\Debug\Blur.ilk
