E:\CODEBOX\VC\DEMO4-30-2014\DEMO4-30-2014\DEBUG\DEMO4-30-2014.PCH
E:\CODEBOX\VC\DEMO4-30-2014\DEMO4-30-2014\DEBUG\STDAFX.OBJ
E:\CODEBOX\VC\DEMO4-30-2014\DEMO4-30-2014\DEBUG\VC110.PDB
E:\CODEBOX\VC\DEMO4-30-2014\DEMO4-30-2014\DEBUG\DEMO4-30-2014.OBJ
E:\CODEBOX\VC\DEMO4-30-2014\DEMO4-30-2014\DEBUG\SOLVER.OBJ
E:\CODEBOX\VC\DEMO4-30-2014\DEMO4-30-2014\DEBUG\VSOLVER.OBJ
E:\CODEBOX\VC\DEMO4-30-2014\DEBUG\DEMO4-30-2014.ILK
E:\CODEBOX\VC\DEMO4-30-2014\DEBUG\DEMO4-30-2014.EXE
E:\CODEBOX\VC\DEMO4-30-2014\DEBUG\DEMO4-30-2014.PDB
E:\CodeBOX\VC\Demo4-30-2014\Demo4-30-2014\Debug\Demo4-30-2014.obj
E:\CodeBOX\VC\Demo4-30-2014\Demo4-30-2014\Debug\Solver.obj
E:\CodeBOX\VC\Demo4-30-2014\Demo4-30-2014\Debug\stdafx.obj
E:\CodeBOX\VC\Demo4-30-2014\Demo4-30-2014\Debug\VSolver.obj
E:\CodeBOX\VC\Demo4-30-2014\Demo4-30-2014\Debug\cl.command.1.tlog
E:\CodeBOX\VC\Demo4-30-2014\Demo4-30-2014\Debug\CL.read.1.tlog
E:\CodeBOX\VC\Demo4-30-2014\Demo4-30-2014\Debug\CL.write.1.tlog
E:\CodeBOX\VC\Demo4-30-2014\Demo4-30-2014\Debug\link-cvtres.read.1.tlog
E:\CodeBOX\VC\Demo4-30-2014\Demo4-30-2014\Debug\link-cvtres.write.1.tlog
E:\CodeBOX\VC\Demo4-30-2014\Demo4-30-2014\Debug\link-rc.read.1.tlog
E:\CodeBOX\VC\Demo4-30-2014\Demo4-30-2014\Debug\link-rc.write.1.tlog
E:\CodeBOX\VC\Demo4-30-2014\Demo4-30-2014\Debug\link.command.1.tlog
E:\CodeBOX\VC\Demo4-30-2014\Demo4-30-2014\Debug\link.read.1.tlog
E:\CodeBOX\VC\Demo4-30-2014\Demo4-30-2014\Debug\link.write.1.tlog
E:\CodeBOX\VC\Demo4-30-2014\Demo4-30-2014\Debug\Demo4-30-2014.pch
E:\CodeBOX\VC\Demo4-30-2014\Demo4-30-2014\Debug\vc110.idb
E:\CodeBOX\VC\Demo4-30-2014\Demo4-30-2014\Debug\vc110.pdb
E:\CodeBOX\VC\Demo4-30-2014\Debug\Demo4-30-2014.pdb
E:\CodeBOX\VC\Demo4-30-2014\Debug\Demo4-30-2014.exe
E:\CodeBOX\VC\Demo4-30-2014\Debug\Demo4-30-2014.ilk
