E:\CODEBOX\VC\MORPHOLOGY\MORPHOLOGY\DEBUG\MORPHOLOGY.PCH
E:\CODEBOX\VC\MORPHOLOGY\MORPHOLOGY\DEBUG\STDAFX.OBJ
E:\CODEBOX\VC\MORPHOLOGY\MORPHOLOGY\DEBUG\VC110.PDB
E:\CODEBOX\VC\MORPHOLOGY\MORPHOLOGY\DEBUG\MORPHOLOGY.OBJ
E:\CODEBOX\VC\MORPHOLOGY\DEBUG\MORPHOLOGY.ILK
E:\CODEBOX\VC\MORPHOLOGY\DEBUG\MORPHOLOGY.EXE
E:\CODEBOX\VC\MORPHOLOGY\DEBUG\MORPHOLOGY.PDB
E:\CodeBOX\VC\morphology\morphology\Debug\morphology.obj
E:\CodeBOX\VC\morphology\morphology\Debug\stdafx.obj
E:\CodeBOX\VC\morphology\morphology\Debug\cl.command.1.tlog
E:\CodeBOX\VC\morphology\morphology\Debug\CL.read.1.tlog
E:\CodeBOX\VC\morphology\morphology\Debug\CL.write.1.tlog
E:\CodeBOX\VC\morphology\morphology\Debug\link-cvtres.read.1.tlog
E:\CodeBOX\VC\morphology\morphology\Debug\link-cvtres.write.1.tlog
E:\CodeBOX\VC\morphology\morphology\Debug\link-rc.read.1.tlog
E:\CodeBOX\VC\morphology\morphology\Debug\link-rc.write.1.tlog
E:\CodeBOX\VC\morphology\morphology\Debug\link.command.1.tlog
E:\CodeBOX\VC\morphology\morphology\Debug\link.read.1.tlog
E:\CodeBOX\VC\morphology\morphology\Debug\link.write.1.tlog
E:\CodeBOX\VC\morphology\morphology\Debug\morphology.pch
E:\CodeBOX\VC\morphology\morphology\Debug\vc110.idb
E:\CodeBOX\VC\morphology\morphology\Debug\vc110.pdb
E:\CodeBOX\VC\morphology\Debug\morphology.pdb
E:\CodeBOX\VC\morphology\Debug\morphology.exe
E:\CodeBOX\VC\morphology\Debug\morphology.ilk
