E:\CODEBOX\VC\MYFFT\MYFFT\DEBUG\MYFFT.PCH
E:\CODEBOX\VC\MYFFT\MYFFT\DEBUG\STDAFX.OBJ
E:\CODEBOX\VC\MYFFT\MYFFT\DEBUG\VC110.PDB
E:\CODEBOX\VC\MYFFT\MYFFT\DEBUG\MYFFT.OBJ
E:\CODEBOX\VC\MYFFT\MYFFT\DEBUG\SOLVER.OBJ
E:\CODEBOX\VC\MYFFT\DEBUG\MYFFT.ILK
E:\CODEBOX\VC\MYFFT\DEBUG\MYFFT.EXE
E:\CODEBOX\VC\MYFFT\DEBUG\MYFFT.PDB
E:\CodeBOX\VC\MyFFT\MyFFT\Debug\MyFFT.obj
E:\CodeBOX\VC\MyFFT\MyFFT\Debug\Solver.obj
E:\CodeBOX\VC\MyFFT\MyFFT\Debug\stdafx.obj
E:\CodeBOX\VC\MyFFT\MyFFT\Debug\cl.command.1.tlog
E:\CodeBOX\VC\MyFFT\MyFFT\Debug\CL.read.1.tlog
E:\CodeBOX\VC\MyFFT\MyFFT\Debug\CL.write.1.tlog
E:\CodeBOX\VC\MyFFT\MyFFT\Debug\link-cvtres.read.1.tlog
E:\CodeBOX\VC\MyFFT\MyFFT\Debug\link-cvtres.write.1.tlog
E:\CodeBOX\VC\MyFFT\MyFFT\Debug\link-rc.read.1.tlog
E:\CodeBOX\VC\MyFFT\MyFFT\Debug\link-rc.write.1.tlog
E:\CodeBOX\VC\MyFFT\MyFFT\Debug\link.command.1.tlog
E:\CodeBOX\VC\MyFFT\MyFFT\Debug\link.read.1.tlog
E:\CodeBOX\VC\MyFFT\MyFFT\Debug\link.write.1.tlog
E:\CodeBOX\VC\MyFFT\MyFFT\Debug\MyFFT.pch
E:\CodeBOX\VC\MyFFT\MyFFT\Debug\vc110.idb
E:\CodeBOX\VC\MyFFT\MyFFT\Debug\vc110.pdb
E:\CodeBOX\VC\MyFFT\Debug\MyFFT.pdb
E:\CodeBOX\VC\MyFFT\Debug\MyFFT.exe
E:\CodeBOX\VC\MyFFT\Debug\MyFFT.ilk
