E:\CODEBOX\VC\MPI_MAT1_6_10_2014\MPI_MAT1_6_10_2014\X64\DEBUG\MPI_MAT1_6_10_2014.PCH
E:\CODEBOX\VC\MPI_MAT1_6_10_2014\MPI_MAT1_6_10_2014\X64\DEBUG\STDAFX.OBJ
E:\CODEBOX\VC\MPI_MAT1_6_10_2014\MPI_MAT1_6_10_2014\X64\DEBUG\VC110.PDB
E:\CODEBOX\VC\MPI_MAT1_6_10_2014\MPI_MAT1_6_10_2014\X64\DEBUG\MPI_MAT1_6_10_2014.OBJ
E:\CODEBOX\VC\MPI_MAT1_6_10_2014\X64\DEBUG\MPI_MAT1_6_10_2014.ILK
E:\CODEBOX\VC\MPI_MAT1_6_10_2014\X64\DEBUG\MPI_MAT1_6_10_2014.EXE
E:\CODEBOX\VC\MPI_MAT1_6_10_2014\X64\DEBUG\MPI_MAT1_6_10_2014.PDB
E:\CodeBOX\VC\MPI_Mat1_6_10_2014\MPI_Mat1_6_10_2014\x64\Debug\MPI_Mat1_6_10_2014.obj
E:\CodeBOX\VC\MPI_Mat1_6_10_2014\MPI_Mat1_6_10_2014\x64\Debug\stdafx.obj
E:\CodeBOX\VC\MPI_Mat1_6_10_2014\MPI_Mat1_6_10_2014\x64\Debug\cl.command.1.tlog
E:\CodeBOX\VC\MPI_Mat1_6_10_2014\MPI_Mat1_6_10_2014\x64\Debug\CL.read.1.tlog
E:\CodeBOX\VC\MPI_Mat1_6_10_2014\MPI_Mat1_6_10_2014\x64\Debug\CL.write.1.tlog
E:\CodeBOX\VC\MPI_Mat1_6_10_2014\MPI_Mat1_6_10_2014\x64\Debug\link-cvtres.read.1.tlog
E:\CodeBOX\VC\MPI_Mat1_6_10_2014\MPI_Mat1_6_10_2014\x64\Debug\link-cvtres.write.1.tlog
E:\CodeBOX\VC\MPI_Mat1_6_10_2014\MPI_Mat1_6_10_2014\x64\Debug\link-rc.read.1.tlog
E:\CodeBOX\VC\MPI_Mat1_6_10_2014\MPI_Mat1_6_10_2014\x64\Debug\link-rc.write.1.tlog
E:\CodeBOX\VC\MPI_Mat1_6_10_2014\MPI_Mat1_6_10_2014\x64\Debug\link.command.1.tlog
E:\CodeBOX\VC\MPI_Mat1_6_10_2014\MPI_Mat1_6_10_2014\x64\Debug\link.read.1.tlog
E:\CodeBOX\VC\MPI_Mat1_6_10_2014\MPI_Mat1_6_10_2014\x64\Debug\link.write.1.tlog
E:\CodeBOX\VC\MPI_Mat1_6_10_2014\MPI_Mat1_6_10_2014\x64\Debug\MPI_Mat1_6_10_2014.pch
E:\CodeBOX\VC\MPI_Mat1_6_10_2014\MPI_Mat1_6_10_2014\x64\Debug\vc110.idb
E:\CodeBOX\VC\MPI_Mat1_6_10_2014\MPI_Mat1_6_10_2014\x64\Debug\vc110.pdb
E:\CodeBOX\VC\MPI_Mat1_6_10_2014\x64\Debug\MPI_Mat1_6_10_2014.pdb
E:\CodeBOX\VC\MPI_Mat1_6_10_2014\x64\Debug\MPI_Mat1_6_10_2014.exe
E:\CodeBOX\VC\MPI_Mat1_6_10_2014\x64\Debug\MPI_Mat1_6_10_2014.ilk
